[03:04:47] [ServerMain/INFO]: [bootstrap] Running Java 21 (OpenJDK 64-Bit Server VM 21.0.5+11-Ubuntu-1ubuntu120.04; Ubuntu null) on Linux 6.5.0-1025-azure (amd64)
[03:04:47] [ServerMain/INFO]: [bootstrap] Loading Paper 1.21-130-master@b1b5d4c (2024-08-10T10:02:42Z) for Minecraft 1.21
[03:04:47] [ServerMain/INFO]: [PluginInitializerManager] Initializing plugins...
[03:04:47] [ServerMain/INFO]: [PluginInitializerManager] Initialized 0 plugins
[03:04:48] [Paper Plugin Remapper Thread - 1/INFO]: [ReobfServer] Remapping server...
[03:04:54] [ServerMain/INFO]: Environment: Environment[sessionHost=https://sessionserver.mojang.com, servicesHost=https://api.minecraftservices.com, name=PROD]
[03:04:54] [ServerMain/INFO]: Found new data pack file/bukkit, loading it automatically
[03:04:54] [ServerMain/INFO]: Found new data pack paper, loading it automatically
[03:04:55] [ServerMain/INFO]: No existing world data, creating new world
[03:04:56] [Paper Plugin Remapper Thread - 1/INFO]: [ReobfServer] Done remapping server in 7730ms.
[03:04:56] [ServerMain/INFO]: Loaded 1290 recipes
[03:04:56] [ServerMain/INFO]: Loaded 1399 advancements
[03:04:57] [Server thread/INFO]: Starting minecraft server version 1.21
[03:04:57] [Server thread/INFO]: Loading properties
[03:04:57] [Server thread/INFO]: This server is running Paper version 1.21-130-master@b1b5d4c (2024-08-10T10:02:42Z) (Implementing API version 1.21-R0.1-SNAPSHOT)
[03:04:58] [Server thread/INFO]: [spark] This server bundles the spark profiler. For more information please visit https://docs.papermc.io/paper/profiling
[03:04:58] [Server thread/INFO]: Server Ping Player Sample Count: 12
[03:04:58] [Server thread/INFO]: Using 4 threads for Netty based IO
[03:04:58] [Server thread/INFO]: [ChunkTaskScheduler] Chunk system is using 1 I/O threads, 1 worker threads, and population gen parallelism of 1 threads
[03:04:59] [Server thread/INFO]: Default game type: SURVIVAL
[03:04:59] [Server thread/INFO]: Generating keypair
[03:04:59] [Server thread/INFO]: Starting Minecraft server on *:25565
[03:04:59] [Server thread/INFO]: Using epoll channel type
[03:04:59] [Server thread/INFO]: Paper: Using libdeflate (Linux x86_64) compression from Velocity.
[03:04:59] [Server thread/INFO]: Paper: Using OpenSSL 1.1.x (Linux x86_64) cipher from Velocity.
[03:04:59] [Server thread/WARN]: **** SERVER IS RUNNING IN OFFLINE/INSECURE MODE!
[03:04:59] [Server thread/WARN]: The server will make no attempt to authenticate usernames. Beware.
[03:04:59] [Server thread/WARN]: While this makes the game possible to play without internet access, it also opens up the ability for hackers to connect with any username they choose.
[03:04:59] [Server thread/WARN]: To change this, set "online-mode" to "true" in the server.properties file.
[03:04:59] [Server thread/INFO]: Preparing level "world"
[03:05:10] [Server thread/INFO]: Preparing start region for dimension minecraft:overworld
[03:05:16] [Server thread/INFO]: Time elapsed: 5717 ms
[03:05:16] [Server thread/INFO]: Preparing start region for dimension minecraft:the_nether
[03:05:17] [Server thread/INFO]: Time elapsed: 1813 ms
[03:05:17] [Server thread/INFO]: Preparing start region for dimension minecraft:the_end
[03:05:18] [Server thread/INFO]: Time elapsed: 547 ms
[03:05:18] [Server thread/INFO]: [spark] Starting background profiler...
[03:05:18] [Server thread/INFO]: Done preparing level "world" (19.594s)
[03:05:18] [Server thread/INFO]: Running delayed init tasks
[03:05:18] [Server thread/INFO]: Done (32.938s)! For help, type "help"
[03:05:18] [Server thread/INFO]: *************************************************************************************
[03:05:18] [Server thread/INFO]: This is the first time you're starting this server.
[03:05:18] [Server thread/INFO]: It's recommended you read our 'Getting Started' documentation for guidance.
[03:05:18] [Server thread/INFO]: View this and more helpful information here: https://docs.papermc.io/paper/next-steps
[03:05:18] [Server thread/INFO]: *************************************************************************************
[03:05:18] [Server thread/INFO]: Timings Reset
[03:05:32] [User Authenticator #0/INFO]: UUID of player alrio2112 is c42d9b23-61c7-30f2-a402-295607b83cbd
[03:05:34] [Server thread/INFO]: alrio2112 joined the game
[03:05:34] [Server thread/INFO]: alrio2112[/127.18.0.67:58071] logged in with entity id 40 at ([world]21.5, 96.0, -21.5)
[03:05:55] [User Authenticator #0/INFO]: UUID of player joseferav342 is 51238c1b-db51-3e3a-92e6-c5dc97a60bae
[03:05:57] [Server thread/INFO]: joseferav342 joined the game
[03:05:57] [Server thread/INFO]: joseferav342[/127.166.162.115:50869] logged in with entity id 218 at ([world]25.5, 92.0, -22.5)
[03:06:25] [User Authenticator #0/INFO]: UUID of player epico9 is d3ef3ba6-0dd7-3c78-8f6a-6b2d059134bb
[03:06:26] [Server thread/INFO]: epico9 joined the game
[03:06:26] [Server thread/INFO]: epico9[/127.45.254.223:36737] logged in with entity id 686 at ([world]24.5, 91.0, -22.5)
[03:06:32] [User Authenticator #0/INFO]: UUID of player DavZerok is 47f289ce-7df7-3037-8ecf-80a056f9f854
[03:06:33] [Server thread/INFO]: DavZerok joined the game
[03:06:33] [Server thread/INFO]: DavZerok[/127.160.179.77:33235] logged in with entity id 760 at ([world]20.5, 71.0, -11.5)
[03:06:39] [User Authenticator #0/INFO]: UUID of player Probablemente5v2 is 4edc06b6-b586-3c0c-b633-c83489f48f92
[03:06:41] [Server thread/INFO]: Probablemente5v2 joined the game
[03:06:41] [Server thread/INFO]: Probablemente5v2[/127.19.26.53:44867] logged in with entity id 776 at ([world]8.5, 72.0, -8.5)
[03:07:11] [Server thread/INFO]: Made alrio2112 a server operator
[03:08:16] [Server thread/INFO]: alrio2112 issued server command: /gamemode creative
[03:08:16] [Server thread/INFO]: [alrio2112: Set own game mode to Creative Mode]
[03:08:27] [Server thread/INFO]: alrio2112 issued server command: /fill ~1 ~1 ~1 ~10 ~10 ~10 minecraft:tnt
[03:08:27] [Server thread/INFO]: [alrio2112: Successfully filled 1000 block(s)]
[03:08:57] [Server thread/INFO]: alrio2112 issued server command: /fill ~1 ~1 ~1 ~20 ~20 ~20 minecraft:tnt
[03:08:57] [Server thread/INFO]: [alrio2112: Successfully filled 8000 block(s)]
[03:09:41] [Server thread/INFO]: alrio2112 has made the advancement [Stone Age]
[03:09:41] [Server thread/INFO]: epico9 has made the advancement [Stone Age]
[03:09:41] [Server thread/INFO]: alrio2112 issued server command: /gamemode survival
[03:09:41] [Server thread/INFO]: [alrio2112: Set own game mode to Survival Mode]
[03:09:42] [Server thread/INFO]: alrio2112 was blown up by alrio2112
[03:09:47] [Server thread/INFO]: epico9 was blown up by alrio2112
[03:09:49] [Server thread/INFO]: DavZerok has made the advancement [Stone Age]
[03:09:58] [Async Chat Thread - #0/INFO]: [Not Secure] <DavZerok> los pedos de gabriela
[03:10:11] [Server thread/INFO]: epico9 was blown up by alrio2112
[03:10:18] [Server thread/INFO]: alrio2112 was blown up by alrio2112
[03:10:21] [Server thread/INFO]: Probablemente5v2 was doomed to fall by alrio2112
[03:10:48] [Server thread/INFO]: Probablemente5v2 has made the advancement [Stone Age]
[03:10:51] [Server thread/INFO]: joseferav342 issued server command: /plugins
[03:11:34] [Server thread/INFO]: epico9 lost connection: Disconnected
[03:11:34] [Server thread/INFO]: epico9 left the game
[03:11:53] [Server thread/INFO]: alrio2112 issued server command: /tp @a alrio2112
[03:11:53] [Server thread/INFO]: [alrio2112: Teleported 4 entities to alrio2112]
[03:12:03] [Server thread/INFO]: alrio2112 issued server command: /gamemode creative
[03:12:03] [Server thread/INFO]: [alrio2112: Set own game mode to Creative Mode]
[03:12:10] [Server thread/INFO]: alrio2112 has made the advancement [Cover Me with Diamonds]
[03:12:14] [Server thread/INFO]: joseferav342 has made the advancement [Stone Age]
[03:12:21] [User Authenticator #1/INFO]: UUID of player epico9 is d3ef3ba6-0dd7-3c78-8f6a-6b2d059134bb
[03:12:23] [Server thread/INFO]: epico9 joined the game
[03:12:23] [Server thread/INFO]: epico9[/127.45.254.223:42577] logged in with entity id 26466 at ([world]75.94459714259447, 71.0, -16.120384918920735)
[03:12:34] [Server thread/INFO]: DavZerok has made the advancement [Getting an Upgrade]
[03:12:45] [Server thread/INFO]: epico9 lost connection: Disconnected
[03:12:45] [Server thread/INFO]: epico9 left the game
[03:12:55] [Server thread/INFO]: alrio2112 issued server command: /locate structure minecraft:stronghold
[03:12:55] [Server thread/INFO]: Locating element minecraft:stronghold took 10 ms
[03:12:57] [Server thread/INFO]: alrio2112 issued server command: /tp @s -1248 ~ 800
[03:12:57] [Server thread/INFO]: [alrio2112: Teleported alrio2112 to -1247.500000, 90.000000, 800.500000]
[03:13:00] [Server thread/WARN]: Can't keep up! Is the server overloaded? Running 3094ms or 61 ticks behind
[03:13:28] [Server thread/INFO]: alrio2112 issued server command: /gamemode spectator
[03:13:28] [Server thread/INFO]: [alrio2112: Set own game mode to Spectator Mode]
[03:13:31] [Server thread/INFO]: alrio2112 has made the advancement [Eye Spy]
[03:13:38] [Server thread/INFO]: alrio2112 issued server command: /gamemode creative
[03:13:38] [Server thread/INFO]: [alrio2112: Set own game mode to Creative Mode]
[03:14:04] [Async Chat Thread - #1/INFO]: [Not Secure] <alrio2112> 1276.33 -10.00 831.25 704.19 12.19
[03:14:22] [Async Chat Thread - #1/INFO]: [Not Secure] <DavZerok> 1276 831
[03:14:23] [Server thread/INFO]: alrio2112 issued server command: /kill
[03:14:23] [Server thread/INFO]: alrio2112 was killed
[03:14:23] [Server thread/INFO]: [alrio2112: Killed alrio2112]
[03:14:41] [Server thread/INFO]: alrio2112 has reached the goal [Sky's the Limit]
[03:14:46] [Server thread/INFO]: alrio2112 issued server command: /gamemode survival
[03:14:46] [Server thread/INFO]: [alrio2112: Set own game mode to Survival Mode]
[03:16:18] [Server thread/INFO]: alrio2112 has made the advancement [Ice Bucket Challenge]
[03:17:00] [Server thread/INFO]: joseferav342 has made the advancement [Getting an Upgrade]
[03:17:11] [Server thread/INFO]: alrio2112 experienced kinetic energy
[03:17:45] [Server thread/INFO]: alrio2112 issued server command: /tp joseferav342 Probablemente5v2
[03:17:45] [Server thread/INFO]: [alrio2112: Teleported joseferav342 to Probablemente5v2]
[03:18:19] [User Authenticator #2/INFO]: UUID of player epico9 is d3ef3ba6-0dd7-3c78-8f6a-6b2d059134bb
[03:18:20] [Server thread/INFO]: epico9 joined the game
[03:18:20] [Server thread/INFO]: epico9[/127.45.254.223:58839] logged in with entity id 33263 at ([world]67.14783162706878, 74.0, -9.300000011920929)
[03:18:30] [Server thread/INFO]: DavZerok has made the advancement [Monster Hunter]
[03:18:32] [Server thread/INFO]: alrio2112 issued server command: /tp epico9 d
[03:18:34] [Server thread/INFO]: alrio2112 issued server command: /tp epico9 DavZerok
[03:18:34] [Server thread/INFO]: [alrio2112: Teleported epico9 to DavZerok]
[03:18:37] [Server thread/INFO]: epico9 has made the advancement [Monster Hunter]
[03:18:42] [Server thread/INFO]: alrio2112 issued server command: /gamemode creative
[03:18:42] [Server thread/INFO]: [alrio2112: Set own game mode to Creative Mode]
[03:19:00] [Server thread/INFO]: alrio2112 issued server command: /gamemode survival
[03:19:00] [Server thread/INFO]: [alrio2112: Set own game mode to Survival Mode]
[03:20:20] [Server thread/INFO]: joseferav342 was slain by Zombie
[03:20:47] [Server thread/INFO]: alrio2112 issued server command: /tp joseferav342 Probablemente5v2
[03:20:47] [Server thread/INFO]: [alrio2112: Teleported joseferav342 to Probablemente5v2]
[03:21:48] [Server thread/INFO]: epico9 was blown up by Creeper
[03:22:17] [Server thread/INFO]: epico9 lost connection: Disconnected
[03:22:17] [Server thread/INFO]: epico9 left the game
[03:22:51] [Server thread/INFO]: alrio2112 issued server command: /tp @s -1248 ~ 800
[03:22:51] [Server thread/INFO]: [alrio2112: Teleported alrio2112 to -1247.500000, 91.191635, 800.500000]
[03:23:11] [Server thread/INFO]: alrio2112 fell from a high place
[03:23:36] [Server thread/INFO]: alrio2112 was slain by Zombie
