[01:39:25] [modloading-worker-0/INFO] ========================================
[01:39:25] [modloading-worker-0/INFO] Minecraft: 1.20.1
[01:39:25] [modloading-worker-0/INFO] Side: server
[01:39:25] [modloading-worker-0/INFO] Development: false
[01:39:25] [modloading-worker-0/INFO] Version: 12.1.758
[01:39:25] [modloading-worker-0/INFO] Loader:
[01:39:25] [modloading-worker-0/INFO] - Forge: 47.3.7
[01:39:25] [modloading-worker-0/INFO] Dependencies:
[01:39:25] [modloading-worker-0/INFO] - Cloth Config: 11.1.118
[01:39:25] [modloading-worker-0/INFO] - Architectury: 9.2.14
[01:39:25] [modloading-worker-0/INFO] Mixin: 0.8.5
[01:39:25] [modloading-worker-0/INFO] OS: Linux 6.5.0-1025-azure (amd64)
[01:39:25] [modloading-worker-0/INFO] Java: 21.0.5 (Microsoft)
[01:39:25] [modloading-worker-0/INFO] ========================================
[01:39:25] [modloading-worker-0/INFO] Mods:
[01:39:25] [modloading-worker-0/INFO] - ad_astra: 1.15.18
[01:39:25] [modloading-worker-0/INFO] - advancementplaques: 1.6.6
[01:39:25] [modloading-worker-0/INFO] - aether: 1.20.1-1.2.0-neoforge
[01:39:25] [modloading-worker-0/INFO] - aiimprovements: 0.5.2
[01:39:25] [modloading-worker-0/INFO] - alexscaves: 1.1.4
[01:39:25] [modloading-worker-0/INFO] - alexsmobs: 1.22.8
[01:39:25] [modloading-worker-0/INFO] - aquamirae: 6.API15
[01:39:25] [modloading-worker-0/INFO] - architectury: 9.2.14
[01:39:25] [modloading-worker-0/INFO] - artifacts: 9.5.7
[01:39:25] [modloading-worker-0/INFO] - athena: 3.1.1
[01:39:25] [modloading-worker-0/INFO] - bagus_lib: 1.20.1-4.4.0
[01:39:25] [modloading-worker-0/INFO] - bettercombat: 1.8.6+1.20.1
[01:39:25] [modloading-worker-0/INFO] - betterdeserttemples: 1.20-Forge-3.0.3
[01:39:25] [modloading-worker-0/INFO] - betterdungeons: 1.20-Forge-4.0.3
[01:39:25] [modloading-worker-0/INFO] - betterfortresses: 1.20-Forge-2.0.5
[01:39:25] [modloading-worker-0/INFO] - betterjungletemples: 1.20-Forge-2.0.4
[01:39:25] [modloading-worker-0/INFO] - bettermineshafts: 1.20-Forge-4.0.4
[01:39:25] [modloading-worker-0/INFO] - bettermobs: 1.0.0
[01:39:25] [modloading-worker-0/INFO] - betteroceanmonuments: 1.20-Forge-3.0.4
[01:39:25] [modloading-worker-0/INFO] - betterwitchhuts: 1.20-Forge-3.0.3
[01:39:25] [modloading-worker-0/INFO] - biomesoplenty: 18.0.0.598
[01:39:25] [modloading-worker-0/INFO] - botarium: 2.3.3
[01:39:25] [modloading-worker-0/INFO] - brutalbosses: 1.20.1-6.8
[01:39:25] [modloading-worker-0/INFO] - caelus: 3.2.0+1.20.1
[01:39:25] [modloading-worker-0/INFO] - castle_dungeons: 4.0.0
[01:39:25] [modloading-worker-0/INFO] - cataclysm: 1.0
[01:39:25] [modloading-worker-0/INFO] - citadel: 2.5.4
[01:39:25] [modloading-worker-0/INFO] - cloth_config: 11.1.118
[01:39:25] [modloading-worker-0/INFO] - clumps: 12.0.0.4
[01:39:25] [modloading-worker-0/INFO] - coroutil: 1.20.1-1.3.3
[01:39:25] [modloading-worker-0/INFO] - cosmeticarmorreworked: 1.20.1-v1a
[01:39:25] [modloading-worker-0/INFO] - creeperoverhaul: 3.0.2
[01:39:25] [modloading-worker-0/INFO] - cumulus_menus: 1.20.1-1.0.0-neoforge
[01:39:25] [modloading-worker-0/INFO] - cupboard: 1.20.1-2.5
[01:39:25] [modloading-worker-0/INFO] - curios: 5.9.1+1.20.1
[01:39:25] [modloading-worker-0/INFO] - deeperdarker: 1.2.1
[01:39:25] [modloading-worker-0/INFO] - dungeons_arise: 2.1.58-1.20.x
[01:39:25] [modloading-worker-0/INFO] - earthmobsmod: 1.20.1-10.3.1
[01:39:25] [modloading-worker-0/INFO] - easyanvils: 8.0.1
[01:39:25] [modloading-worker-0/INFO] - ecologics: 2.2.0
[01:39:25] [modloading-worker-0/INFO] - eeeabsmobs: 1.20.1-0.91
[01:39:25] [modloading-worker-0/INFO] - elevatorid: 1.20.1-lex-1.9
[01:39:25] [modloading-worker-0/INFO] - enchantinginfuser: 8.0.2
[01:39:25] [modloading-worker-0/INFO] - ender_dragon_loot_: 1.0.0
[01:39:25] [modloading-worker-0/INFO] - endermanoverhaul: 1.0.3
[01:39:25] [modloading-worker-0/INFO] - endrem: 5.2.3-R-1.20.1
[01:39:25] [modloading-worker-0/INFO] - enemyexpansion: 2.3.1
[01:39:25] [modloading-worker-0/INFO] - epicfight: 20.9.2
[01:39:25] [modloading-worker-0/INFO] - epicsamurai: 0.0.26.1-1.20.1-forge
[01:39:25] [modloading-worker-0/INFO] - expandability: 9.0.4
[01:39:25] [modloading-worker-0/INFO] - explorerscompass: 1.20.1-1.3.3-forge
[01:39:25] [modloading-worker-0/INFO] - ferritecore: 6.0.1
[01:39:25] [modloading-worker-0/INFO] - forge: 47.3.7
[01:39:25] [modloading-worker-0/INFO] - framework: 0.7.6
[01:39:25] [modloading-worker-0/INFO] - friendsandfoes: 2.0.10
[01:39:25] [modloading-worker-0/INFO] - galosphere: 1.20.1-1.3.2
[01:39:25] [modloading-worker-0/INFO] - geckolib: 4.4.2
[01:39:25] [modloading-worker-0/INFO] - hs_bosses: 1.0.0
[01:39:25] [modloading-worker-0/INFO] - iceandfire: 2.1.13-1.20.1-beta-4
[01:39:25] [modloading-worker-0/INFO] - iceberg: 1.1.21
[01:39:25] [modloading-worker-0/INFO] - illagerinvasion: 8.0.3
[01:39:25] [modloading-worker-0/INFO] - incendium: 5.3.5
[01:39:25] [modloading-worker-0/INFO] - infernalmobs: 1.20.1.2
[01:39:25] [modloading-worker-0/INFO] - insanetnt: 1.4
[01:39:25] [modloading-worker-0/INFO] - inventorio: 1.10.0
[01:39:25] [modloading-worker-0/INFO] - ironchest: 1.20.1-14.4.4
[01:39:25] [modloading-worker-0/INFO] - jade: 11.9.2+forge
[01:39:25] [modloading-worker-0/INFO] - jeg: 0.4.0
[01:39:25] [modloading-worker-0/INFO] - kotlinforforge: 4.11.0
[01:39:25] [modloading-worker-0/INFO] - l_g_c: 0.5
[01:39:25] [modloading-worker-0/INFO] - libraryferret: 4.0.0
[01:39:25] [modloading-worker-0/INFO] - lootr: 0.7.34.87
[01:39:25] [modloading-worker-0/INFO] - luminousworld: 1.3.6
[01:39:25] [modloading-worker-0/INFO] - medievalend: 1.0.1
[01:39:25] [modloading-worker-0/INFO] - minecraft: 1.20.1
[01:39:25] [modloading-worker-0/INFO] - mixinextras: 0.4.1
[01:39:25] [modloading-worker-0/INFO] - mixinsquared: 0.1.1
[01:39:25] [modloading-worker-0/INFO] - moonlight: 1.20-2.11.0
[01:39:25] [modloading-worker-0/INFO] - mowziesmobs: 1.6.4
[01:39:25] [modloading-worker-0/INFO] - mr_stellarity: 2.0d
[01:39:25] [modloading-worker-0/INFO] - mr_tidal_towns: 1.3
[01:39:25] [modloading-worker-0/INFO] - multimine: 1.20.1.3
[01:39:25] [modloading-worker-0/INFO] - mutantmonsters: 8.0.7
[01:39:25] [modloading-worker-0/INFO] - naturalist: 4.0.3
[01:39:25] [modloading-worker-0/INFO] - naturescompass: 1.20.1-1.11.2-forge
[01:39:25] [modloading-worker-0/INFO] - nitrogen_internals: 1.20.1-1.0.2-neoforge
[01:39:25] [modloading-worker-0/INFO] - nullscape: 1.2.4
[01:39:25] [modloading-worker-0/INFO] - obscure_api: 15
[01:39:25] [modloading-worker-0/INFO] - octolib: 0.4.2
[01:39:25] [modloading-worker-0/INFO] - patchouli: 1.20.1-84-FORGE
[01:39:25] [modloading-worker-0/INFO] - pingwheel: 1.8.0
[01:39:25] [modloading-worker-0/INFO] - playeranimator: 1.0.2-rc1+1.20
[01:39:25] [modloading-worker-0/INFO] - polymorph: 0.49.2+1.20.1
[01:39:25] [modloading-worker-0/INFO] - puzzlesaccessapi: 8.0.7
[01:39:25] [modloading-worker-0/INFO] - puzzleslib: 8.1.17
[01:39:25] [modloading-worker-0/INFO] - quark: 4.0-438
[01:39:25] [modloading-worker-0/INFO] - regions_unexplored: 0.5.6
[01:39:25] [modloading-worker-0/INFO] - relics: 0.8.0.7
[01:39:25] [modloading-worker-0/INFO] - resourcefulconfig: 2.1.2
[01:39:25] [modloading-worker-0/INFO] - resourcefullib: 2.1.25
[01:39:25] [modloading-worker-0/INFO] - roughlyenoughitems: 12.1.758
[01:39:25] [modloading-worker-0/INFO] - scannable: 1.7.12+18ccb75
[01:39:25] [modloading-worker-0/INFO] - securitycraft: 1.9.9
[01:39:25] [modloading-worker-0/INFO] - sereneseasons: 9.0.0.46
[01:39:25] [modloading-worker-0/INFO] - shieldexp: 1.1.7
[01:39:25] [modloading-worker-0/INFO] - simplyswords: 1.48.0-1.21
[01:39:25] [modloading-worker-0/INFO] - solcarrot: 1.15.1
[01:39:25] [modloading-worker-0/INFO] - sophisticatedbackpacks: 3.20.2.1022
[01:39:25] [modloading-worker-0/INFO] - sophisticatedcore: 0.6.8.567
[01:39:25] [modloading-worker-0/INFO] - spectrelib: 0.13.14+1.20.1
[01:39:25] [modloading-worker-0/INFO] - splash_milk: 2.1.0
[01:39:25] [modloading-worker-0/INFO] - stalwart_dungeons: 1.2.8
[01:39:25] [modloading-worker-0/INFO] - supplementaries: 1.20-2.8.6
[01:39:25] [modloading-worker-0/INFO] - takesapillage: 1.0.3
[01:39:25] [modloading-worker-0/INFO] - terrablender: 3.0.1.6
[01:39:25] [modloading-worker-0/INFO] - terramity: 0.9.4.1
[01:39:25] [modloading-worker-0/INFO] - the_bumblezone: 7.5.0+1.20.1-forge
[01:39:25] [modloading-worker-0/INFO] - tombstone: 8.6.3
[01:39:25] [modloading-worker-0/INFO] - travelerstitles: 1.20-Forge-4.0.1
[01:39:25] [modloading-worker-0/INFO] - twilightforest: 4.3.2145
[01:39:25] [modloading-worker-0/INFO] - vanillaplustools: 1.20-1.0
[01:39:25] [modloading-worker-0/INFO] - voidscape: 1.20.1-1.5.348
[01:39:25] [modloading-worker-0/INFO] - warriorrage: 1.0.0
[01:39:25] [modloading-worker-0/INFO] - watching: 1.9.2
[01:39:25] [modloading-worker-0/INFO] - watut: 1.20.1-1.0.11
[01:39:25] [modloading-worker-0/INFO] - xaerominimap: 24.1.1
[01:39:25] [modloading-worker-0/INFO] - xaeroworldmap: 1.39.0
[01:39:25] [modloading-worker-0/INFO] - yungsapi: 1.20-Forge-4.0.4
[01:39:25] [modloading-worker-0/INFO] - yungsbridges: 1.20-Forge-4.0.3
[01:39:25] [modloading-worker-0/INFO] - yungsextras: 1.20-Forge-4.0.3
[01:39:25] [modloading-worker-0/INFO] - zeta: 1.0-14
[01:39:25] [modloading-worker-0/INFO] ========================================
[01:39:25] [modloading-worker-0/INFO] [REI] Registered plugin provider AetherREIServerPlugin [aether] for REIPlugin
[01:39:25] [modloading-worker-0/INFO] [REI] Registered plugin provider DefaultPluginImpl [roughlyenoughitems] for REIServerPlugin
[01:39:25] [modloading-worker-0/INFO] [REI] Registered plugin provider DefaultPluginImpl [roughlyenoughitems] for REIPlugin
[01:39:25] [modloading-worker-0/INFO] [REI] Registered plugin provider DefaultRuntimePlugin [roughlyenoughitems] for REIServerPlugin
[01:39:25] [modloading-worker-0/INFO] [REI] Registered plugin provider DefaultRuntimePlugin [roughlyenoughitems] for REIPlugin
[01:39:25] [modloading-worker-0/INFO] [REI] Registered plugin provider AetherREIServerPlugin [aether] for REIServerPlugin
[01:39:55] [Worker-Main-3/DEBUG] [REI] Processed 1 tags in 522.4 μs for minecraft:sound_event
[01:39:55] [Worker-Main-2/DEBUG] [REI] Processed 2 tags in 581.7 μs for minecraft:block_entity_type
[01:39:55] [Worker-Main-2/DEBUG] [REI] Processed 0 tags in 4.719 μs for minecraft:worldgen/world_preset
[01:39:55] [Worker-Main-2/DEBUG] [REI] Processed 0 tags in 23.38 μs for minecraft:damage_type
[01:39:55] [Worker-Main-3/DEBUG] [REI] Processed 7 tags in 201.0 μs for minecraft:point_of_interest_type
[01:39:55] [Worker-Main-2/DEBUG] [REI] Processed 0 tags in 5.189 μs for twilight:wood_palettes
[01:39:55] [Worker-Main-3/DEBUG] [REI] Processed 0 tags in 48.17 μs for minecraft:worldgen/structure
[01:39:55] [Worker-Main-3/DEBUG] [REI] Processed 0 tags in 9.888 μs for minecraft:worldgen/placed_feature
[01:39:55] [Worker-Main-3/DEBUG] [REI] Processed 0 tags in 10.15 μs for minecraft:worldgen/structure_set
[01:39:55] [Worker-Main-2/DEBUG] [REI] Processed 0 tags in 202.9 μs for minecraft:worldgen/biome
[01:39:55] [Worker-Main-2/DEBUG] [REI] Processed 0 tags in 20.04 μs for minecraft:worldgen/flat_level_generator_preset
[01:39:55] [Worker-Main-2/DEBUG] [REI] Processed 5 tags in 60.08 μs for minecraft:instrument
[01:39:55] [Worker-Main-2/DEBUG] [REI] Processed 48 tags in 175.0 μs for minecraft:banner_pattern
[01:39:55] [Worker-Main-2/DEBUG] [REI] Processed 266 tags in 1.535 ms for minecraft:entity_type
[01:39:55] [Worker-Main-2/DEBUG] [REI] Processed 2 tags in 41.00 μs for minecraft:painting_variant
[01:39:55] [Worker-Main-2/DEBUG] [REI] Processed 4 tags in 38.16 μs for minecraft:enchantment
[01:39:55] [Worker-Main-2/DEBUG] [REI] Processed 10 tags in 37.55 μs for minecraft:mob_effect
[01:39:55] [Worker-Main-1/DEBUG] [REI] Processed 1069 tags in 11.33 ms for minecraft:item
[01:39:55] [Worker-Main-1/DEBUG] [REI] Processed 5 tags in 102.2 μs for minecraft:game_event
[01:39:55] [Worker-Main-2/DEBUG] [REI] Processed 46 tags in 69.89 μs for minecraft:fluid
[01:39:55] [Worker-Main-2/DEBUG] [REI] Processed 2 tags in 16.65 μs for minecraft:cat_variant
[01:39:55] [Worker-Main-1/DEBUG] [REI] Processed 0 tags in 4.188 μs for minecraft:dimension_type
[01:39:55] [Worker-Main-3/DEBUG] [REI] Processed 991 tags in 13.10 ms for minecraft:block
[01:40:00] [main/DEBUG] [REI] ========================================
[01:40:00] [main/DEBUG] [REI] REIPlugin starting pre-reload for START.
[01:40:00] [main/DEBUG] [REI] Reloadables (7):
[01:40:00] [main/DEBUG] [REI]  - EntryTypeRegistryImpl
[01:40:00] [main/DEBUG] [REI]  - EntrySettingsAdapterRegistryImpl
[01:40:00] [main/DEBUG] [REI]  - RecipeManagerContextImpl
[01:40:00] [main/DEBUG] [REI]  - ItemComparatorRegistryImpl
[01:40:00] [main/DEBUG] [REI]  - FluidComparatorRegistryImpl
[01:40:00] [main/DEBUG] [REI]  - DisplaySerializerRegistryImpl
[01:40:00] [main/DEBUG] [REI]  - FluidSupportProviderImpl
[01:40:00] [main/DEBUG] [REI] Plugins (3):
[01:40:00] [main/DEBUG] [REI]  - (-100.00) DefaultPluginImpl of DefaultPluginImpl [roughlyenoughitems]
[01:40:00] [main/DEBUG] [REI]  - (0.00) DefaultRuntimePlugin of DefaultRuntimePlugin [roughlyenoughitems]
[01:40:00] [main/DEBUG] [REI]  - (0.00) AetherREIServerPlugin of AetherREIServerPlugin [aether]
[01:40:00] [main/DEBUG] [REI] ========================================
[01:40:00] [main/TRACE] [REI] [REIPlugin START] Reloading Section: "pre-register/"
[01:40:00] [main/TRACE] [REI] [REIPlugin START] Reloading Section: "pre-register/DefaultPluginImpl of DefaultPluginImpl [roughlyenoughitems]/"
[01:40:00] [main/TRACE] [REI] [REIPlugin START] Reloading Section: "pre-register/DefaultPluginImpl of DefaultPluginImpl [roughlyenoughitems]/" done in 745.7 μs
[01:40:00] [main/TRACE] [REI] [REIPlugin START] Reloading Section: "pre-register/DefaultRuntimePlugin of DefaultRuntimePlugin [roughlyenoughitems]/"
[01:40:00] [main/TRACE] [REI] [REIPlugin START] Reloading Section: "pre-register/DefaultRuntimePlugin of DefaultRuntimePlugin [roughlyenoughitems]/" done in 11.76 μs
[01:40:00] [main/TRACE] [REI] [REIPlugin START] Reloading Section: "pre-register/AetherREIServerPlugin of AetherREIServerPlugin [aether]/"
[01:40:00] [main/TRACE] [REI] [REIPlugin START] Reloading Section: "pre-register/AetherREIServerPlugin of AetherREIServerPlugin [aether]/" done in 9.057 μs
[01:40:00] [main/TRACE] [REI] [REIPlugin START] Reloading Section: "pre-register/" done in 11.13 ms
[01:40:00] [main/TRACE] [REI] [REIPlugin START] Reloading Section: "pre-stage/"
[01:40:00] [main/TRACE] [REI] [REIPlugin START] Reloading Section: "pre-stage/EntryTypeRegistryImpl/"
[01:40:00] [main/TRACE] [REI] [REIPlugin START] Reloading Section: "pre-stage/EntryTypeRegistryImpl/" done in 139.7 μs
[01:40:00] [main/TRACE] [REI] [REIPlugin START] Reloading Section: "pre-stage/EntrySettingsAdapterRegistryImpl/"
[01:40:00] [main/TRACE] [REI] [REIPlugin START] Reloading Section: "pre-stage/EntrySettingsAdapterRegistryImpl/" done in 7.023 μs
[01:40:00] [main/TRACE] [REI] [REIPlugin START] Reloading Section: "pre-stage/RecipeManagerContextImpl/"
[01:40:00] [main/TRACE] [REI] [REIPlugin START] Reloading Section: "pre-stage/RecipeManagerContextImpl/" done in 6.182 μs
[01:40:00] [main/TRACE] [REI] [REIPlugin START] Reloading Section: "pre-stage/ItemComparatorRegistryImpl/"
[01:40:00] [main/TRACE] [REI] [REIPlugin START] Reloading Section: "pre-stage/ItemComparatorRegistryImpl/" done in 6.071 μs
[01:40:00] [main/TRACE] [REI] [REIPlugin START] Reloading Section: "pre-stage/FluidComparatorRegistryImpl/"
[01:40:00] [main/TRACE] [REI] [REIPlugin START] Reloading Section: "pre-stage/FluidComparatorRegistryImpl/" done in 6.281 μs
[01:40:00] [main/TRACE] [REI] [REIPlugin START] Reloading Section: "pre-stage/DisplaySerializerRegistryImpl/"
[01:40:00] [main/TRACE] [REI] [REIPlugin START] Reloading Section: "pre-stage/DisplaySerializerRegistryImpl/" done in 6.773 μs
[01:40:00] [main/TRACE] [REI] [REIPlugin START] Reloading Section: "pre-stage/FluidSupportProviderImpl/"
[01:40:00] [main/TRACE] [REI] [REIPlugin START] Reloading Section: "pre-stage/FluidSupportProviderImpl/" done in 6.702 μs
[01:40:00] [main/TRACE] [REI] [REIPlugin START] Reloading Section: "pre-stage/" done in 991.7 μs
[01:40:00] [main/DEBUG] [REI] ========================================
[01:40:00] [main/DEBUG] [REI] REIPlugin finished pre-reload for START in 16.69 ms.
[01:40:00] [main/DEBUG] [REI] ========================================
[01:40:00] [main/DEBUG] [REI] ========================================
[01:40:00] [main/DEBUG] [REI] REIServerPlugin starting pre-reload for START.
[01:40:00] [main/DEBUG] [REI] Reloadables (2):
[01:40:00] [main/DEBUG] [REI]  - MenuInfoRegistryImpl
[01:40:00] [main/DEBUG] [REI]  - SlotAccessorRegistryImpl
[01:40:00] [main/DEBUG] [REI] Plugins (3):
[01:40:00] [main/DEBUG] [REI]  - (-100.00) DefaultPluginImpl of DefaultPluginImpl [roughlyenoughitems]
[01:40:00] [main/DEBUG] [REI]  - (0.00) AetherREIServerPlugin of AetherREIServerPlugin [aether]
[01:40:00] [main/DEBUG] [REI]  - (0.00) DefaultRuntimePlugin of DefaultRuntimePlugin [roughlyenoughitems]
[01:40:00] [main/DEBUG] [REI] ========================================
[01:40:00] [main/TRACE] [REI] [REIServerPlugin START] Reloading Section: "pre-register/"
[01:40:00] [main/TRACE] [REI] [REIServerPlugin START] Reloading Section: "pre-register/DefaultPluginImpl of DefaultPluginImpl [roughlyenoughitems]/"
[01:40:00] [main/TRACE] [REI] [REIServerPlugin START] Reloading Section: "pre-register/DefaultPluginImpl of DefaultPluginImpl [roughlyenoughitems]/" done in 14.18 μs
[01:40:00] [main/TRACE] [REI] [REIServerPlugin START] Reloading Section: "pre-register/AetherREIServerPlugin of AetherREIServerPlugin [aether]/"
[01:40:00] [main/TRACE] [REI] [REIServerPlugin START] Reloading Section: "pre-register/AetherREIServerPlugin of AetherREIServerPlugin [aether]/" done in 9.537 μs
[01:40:00] [main/TRACE] [REI] [REIServerPlugin START] Reloading Section: "pre-register/DefaultRuntimePlugin of DefaultRuntimePlugin [roughlyenoughitems]/"
[01:40:00] [main/TRACE] [REI] [REIServerPlugin START] Reloading Section: "pre-register/DefaultRuntimePlugin of DefaultRuntimePlugin [roughlyenoughitems]/" done in 7.654 μs
[01:40:00] [main/TRACE] [REI] [REIServerPlugin START] Reloading Section: "pre-register/" done in 353.9 μs
[01:40:00] [main/TRACE] [REI] [REIServerPlugin START] Reloading Section: "pre-stage/"
[01:40:00] [main/TRACE] [REI] [REIServerPlugin START] Reloading Section: "pre-stage/MenuInfoRegistryImpl/"
[01:40:00] [main/TRACE] [REI] [REIServerPlugin START] Reloading Section: "pre-stage/MenuInfoRegistryImpl/" done in 6.792 μs
[01:40:00] [main/TRACE] [REI] [REIServerPlugin START] Reloading Section: "pre-stage/SlotAccessorRegistryImpl/"
[01:40:00] [main/TRACE] [REI] [REIServerPlugin START] Reloading Section: "pre-stage/SlotAccessorRegistryImpl/" done in 10.14 μs
[01:40:00] [main/TRACE] [REI] [REIServerPlugin START] Reloading Section: "pre-stage/" done in 212.1 μs
[01:40:00] [main/DEBUG] [REI] ========================================
[01:40:00] [main/DEBUG] [REI] REIServerPlugin finished pre-reload for START in 764.7 μs.
[01:40:00] [main/DEBUG] [REI] ========================================
[01:40:00] [main/INFO] [REI] %%%%%%%%%%%%%%%%%%%%%%%%%%%%%%%%%%%%%%%%
[01:40:00] [main/INFO] [REI] REIPlugin starting main-reload for START.
[01:40:00] [main/DEBUG] [REI] Reloadables (7):
[01:40:00] [main/DEBUG] [REI]  - EntryTypeRegistryImpl
[01:40:00] [main/DEBUG] [REI]  - EntrySettingsAdapterRegistryImpl
[01:40:00] [main/DEBUG] [REI]  - RecipeManagerContextImpl
[01:40:00] [main/DEBUG] [REI]  - ItemComparatorRegistryImpl
[01:40:00] [main/DEBUG] [REI]  - FluidComparatorRegistryImpl
[01:40:00] [main/DEBUG] [REI]  - DisplaySerializerRegistryImpl
[01:40:00] [main/DEBUG] [REI]  - FluidSupportProviderImpl
[01:40:00] [main/INFO] [REI] Plugins (3):
[01:40:00] [main/INFO] [REI]  - (-100.00) DefaultPluginImpl of DefaultPluginImpl [roughlyenoughitems]
[01:40:00] [main/INFO] [REI]  - (0.00) DefaultRuntimePlugin of DefaultRuntimePlugin [roughlyenoughitems]
[01:40:00] [main/INFO] [REI]  - (0.00) AetherREIServerPlugin of AetherREIServerPlugin [aether]
[01:40:00] [main/INFO] [REI] %%%%%%%%%%%%%%%%%%%%%%%%%%%%%%%%%%%%%%%%
[01:40:00] [main/TRACE] [REI] [REIPlugin START] Reloading Section: "start-reload/"
[01:40:00] [main/TRACE] [REI] [REIPlugin START] Reloading Section: "start-reload/EntryTypeRegistryImpl/"
[01:40:00] [main/TRACE] [REI] [REIPlugin START] Reloading Section: "start-reload/EntryTypeRegistryImpl/" done in 43.30 μs
[01:40:00] [main/TRACE] [REI] [REIPlugin START] Reloading Section: "start-reload/EntrySettingsAdapterRegistryImpl/"
[01:40:00] [main/TRACE] [REI] [REIPlugin START] Reloading Section: "start-reload/EntrySettingsAdapterRegistryImpl/" done in 10.78 μs
[01:40:00] [main/TRACE] [REI] [REIPlugin START] Reloading Section: "start-reload/RecipeManagerContextImpl/"
[01:40:00] [main/TRACE] [REI] [REIPlugin START] Reloading Section: "start-reload/RecipeManagerContextImpl/" done in 6.052 μs
[01:40:00] [main/TRACE] [REI] [REIPlugin START] Reloading Section: "start-reload/ItemComparatorRegistryImpl/"
[01:40:00] [main/TRACE] [REI] [REIPlugin START] Reloading Section: "start-reload/ItemComparatorRegistryImpl/" done in 24.38 μs
[01:40:00] [main/TRACE] [REI] [REIPlugin START] Reloading Section: "start-reload/FluidComparatorRegistryImpl/"
[01:40:00] [main/TRACE] [REI] [REIPlugin START] Reloading Section: "start-reload/FluidComparatorRegistryImpl/" done in 8.866 μs
[01:40:00] [main/TRACE] [REI] [REIPlugin START] Reloading Section: "start-reload/DisplaySerializerRegistryImpl/"
[01:40:00] [main/TRACE] [REI] [REIPlugin START] Reloading Section: "start-reload/DisplaySerializerRegistryImpl/" done in 5.880 μs
[01:40:00] [main/TRACE] [REI] [REIPlugin START] Reloading Section: "start-reload/FluidSupportProviderImpl/"
[01:40:00] [main/TRACE] [REI] [REIPlugin START] Reloading Section: "start-reload/FluidSupportProviderImpl/" done in 22.65 μs
[01:40:00] [main/TRACE] [REI] [REIPlugin START] Reloading Section: "start-reload/" done in 892.5 μs
[01:40:00] [main/DEBUG] [REI] ========================================
[01:40:00] [main/DEBUG] [REI] REIPlugin started main-reload for START.
[01:40:00] [main/DEBUG] [REI] ========================================
[01:40:00] [main/TRACE] [REI] [REIPlugin START] Reloading Section: "reloadable-plugin/EntryTypeRegistryImpl/"
[01:40:00] [main/TRACE] [REI] [REIPlugin START] Reloading Section: "reloadable-plugin/EntryTypeRegistryImpl/DefaultPluginImpl of DefaultPluginImpl [roughlyenoughitems]/"
[01:40:00] [main/TRACE] [REI] [REIPlugin START] Reloading Section: "reloadable-plugin/EntryTypeRegistryImpl/DefaultPluginImpl of DefaultPluginImpl [roughlyenoughitems]/" done in 163.2 μs
[01:40:00] [main/TRACE] [REI] [REIPlugin START] Reloading Section: "reloadable-plugin/EntryTypeRegistryImpl/DefaultRuntimePlugin of DefaultRuntimePlugin [roughlyenoughitems]/"
[01:40:00] [main/TRACE] [REI] [REIPlugin START] Reloading Section: "reloadable-plugin/EntryTypeRegistryImpl/DefaultRuntimePlugin of DefaultRuntimePlugin [roughlyenoughitems]/" done in 7.880 ms
[01:40:00] [main/TRACE] [REI] [REIPlugin START] Reloading Section: "reloadable-plugin/EntryTypeRegistryImpl/AetherREIServerPlugin of AetherREIServerPlugin [aether]/"
[01:40:00] [main/TRACE] [REI] [REIPlugin START] Reloading Section: "reloadable-plugin/EntryTypeRegistryImpl/AetherREIServerPlugin of AetherREIServerPlugin [aether]/" done in 21.81 μs
[01:40:00] [main/TRACE] [REI] [REIPlugin START] Reloading Section: "reloadable-plugin/EntryTypeRegistryImpl/" done in 8.863 ms
[01:40:00] [main/TRACE] [REI] [REIPlugin START] Reloading Section: "reloadable-plugin/EntrySettingsAdapterRegistryImpl/"
[01:40:00] [main/TRACE] [REI] [REIPlugin START] Reloading Section: "reloadable-plugin/EntrySettingsAdapterRegistryImpl/DefaultPluginImpl of DefaultPluginImpl [roughlyenoughitems]/"
[01:40:00] [main/TRACE] [REI] [REIPlugin START] Reloading Section: "reloadable-plugin/EntrySettingsAdapterRegistryImpl/DefaultPluginImpl of DefaultPluginImpl [roughlyenoughitems]/" done in 14.79 μs
[01:40:00] [main/TRACE] [REI] [REIPlugin START] Reloading Section: "reloadable-plugin/EntrySettingsAdapterRegistryImpl/DefaultRuntimePlugin of DefaultRuntimePlugin [roughlyenoughitems]/"
[01:40:00] [main/TRACE] [REI] [REIPlugin START] Reloading Section: "reloadable-plugin/EntrySettingsAdapterRegistryImpl/DefaultRuntimePlugin of DefaultRuntimePlugin [roughlyenoughitems]/" done in 15.88 μs
[01:40:00] [main/TRACE] [REI] [REIPlugin START] Reloading Section: "reloadable-plugin/EntrySettingsAdapterRegistryImpl/AetherREIServerPlugin of AetherREIServerPlugin [aether]/"
[01:40:00] [main/TRACE] [REI] [REIPlugin START] Reloading Section: "reloadable-plugin/EntrySettingsAdapterRegistryImpl/AetherREIServerPlugin of AetherREIServerPlugin [aether]/" done in 11.16 μs
[01:40:00] [main/TRACE] [REI] [REIPlugin START] Reloading Section: "reloadable-plugin/EntrySettingsAdapterRegistryImpl/" done in 454.3 μs
[01:40:00] [main/TRACE] [REI] [REIPlugin START] Reloading Section: "reloadable-plugin/RecipeManagerContextImpl/"
[01:40:00] [main/TRACE] [REI] [REIPlugin START] Reloading Section: "reloadable-plugin/RecipeManagerContextImpl/DefaultPluginImpl of DefaultPluginImpl [roughlyenoughitems]/"
[01:40:00] [main/TRACE] [REI] [REIPlugin START] Reloading Section: "reloadable-plugin/RecipeManagerContextImpl/DefaultPluginImpl of DefaultPluginImpl [roughlyenoughitems]/" done in 9.999 μs
[01:40:00] [main/TRACE] [REI] [REIPlugin START] Reloading Section: "reloadable-plugin/RecipeManagerContextImpl/DefaultRuntimePlugin of DefaultRuntimePlugin [roughlyenoughitems]/"
[01:40:00] [main/TRACE] [REI] [REIPlugin START] Reloading Section: "reloadable-plugin/RecipeManagerContextImpl/DefaultRuntimePlugin of DefaultRuntimePlugin [roughlyenoughitems]/" done in 11.11 μs
[01:40:00] [main/TRACE] [REI] [REIPlugin START] Reloading Section: "reloadable-plugin/RecipeManagerContextImpl/AetherREIServerPlugin of AetherREIServerPlugin [aether]/"
[01:40:00] [main/TRACE] [REI] [REIPlugin START] Reloading Section: "reloadable-plugin/RecipeManagerContextImpl/AetherREIServerPlugin of AetherREIServerPlugin [aether]/" done in 10.54 μs
[01:40:00] [main/TRACE] [REI] [REIPlugin START] Reloading Section: "reloadable-plugin/RecipeManagerContextImpl/" done in 363.2 μs
[01:40:00] [main/TRACE] [REI] [REIPlugin START] Reloading Section: "reloadable-plugin/ItemComparatorRegistryImpl/"
[01:40:00] [main/TRACE] [REI] [REIPlugin START] Reloading Section: "reloadable-plugin/ItemComparatorRegistryImpl/DefaultPluginImpl of DefaultPluginImpl [roughlyenoughitems]/"
[01:40:00] [main/TRACE] [REI] [REIPlugin START] Reloading Section: "reloadable-plugin/ItemComparatorRegistryImpl/DefaultPluginImpl of DefaultPluginImpl [roughlyenoughitems]/" done in 810.2 μs
[01:40:00] [main/TRACE] [REI] [REIPlugin START] Reloading Section: "reloadable-plugin/ItemComparatorRegistryImpl/DefaultRuntimePlugin of DefaultRuntimePlugin [roughlyenoughitems]/"
[01:40:00] [main/TRACE] [REI] [REIPlugin START] Reloading Section: "reloadable-plugin/ItemComparatorRegistryImpl/DefaultRuntimePlugin of DefaultRuntimePlugin [roughlyenoughitems]/" done in 14.08 μs
[01:40:00] [main/TRACE] [REI] [REIPlugin START] Reloading Section: "reloadable-plugin/ItemComparatorRegistryImpl/AetherREIServerPlugin of AetherREIServerPlugin [aether]/"
[01:40:00] [main/TRACE] [REI] [REIPlugin START] Reloading Section: "reloadable-plugin/ItemComparatorRegistryImpl/AetherREIServerPlugin of AetherREIServerPlugin [aether]/" done in 11.64 μs
[01:40:00] [main/TRACE] [REI] [REIPlugin START] Reloading Section: "reloadable-plugin/ItemComparatorRegistryImpl/" done in 1.183 ms
[01:40:00] [main/TRACE] [REI] [REIPlugin START] Reloading Section: "reloadable-plugin/FluidComparatorRegistryImpl/"
[01:40:00] [main/TRACE] [REI] [REIPlugin START] Reloading Section: "reloadable-plugin/FluidComparatorRegistryImpl/DefaultPluginImpl of DefaultPluginImpl [roughlyenoughitems]/"
[01:40:00] [main/TRACE] [REI] [REIPlugin START] Reloading Section: "reloadable-plugin/FluidComparatorRegistryImpl/DefaultPluginImpl of DefaultPluginImpl [roughlyenoughitems]/" done in 17.78 μs
[01:40:00] [main/TRACE] [REI] [REIPlugin START] Reloading Section: "reloadable-plugin/FluidComparatorRegistryImpl/DefaultRuntimePlugin of DefaultRuntimePlugin [roughlyenoughitems]/"
[01:40:00] [main/TRACE] [REI] [REIPlugin START] Reloading Section: "reloadable-plugin/FluidComparatorRegistryImpl/DefaultRuntimePlugin of DefaultRuntimePlugin [roughlyenoughitems]/" done in 10.96 μs
[01:40:00] [main/TRACE] [REI] [REIPlugin START] Reloading Section: "reloadable-plugin/FluidComparatorRegistryImpl/AetherREIServerPlugin of AetherREIServerPlugin [aether]/"
[01:40:00] [main/TRACE] [REI] [REIPlugin START] Reloading Section: "reloadable-plugin/FluidComparatorRegistryImpl/AetherREIServerPlugin of AetherREIServerPlugin [aether]/" done in 11.06 μs
[01:40:00] [main/TRACE] [REI] [REIPlugin START] Reloading Section: "reloadable-plugin/FluidComparatorRegistryImpl/" done in 373.8 μs
[01:40:00] [main/TRACE] [REI] [REIPlugin START] Reloading Section: "reloadable-plugin/DisplaySerializerRegistryImpl/"
[01:40:00] [main/TRACE] [REI] [REIPlugin START] Reloading Section: "reloadable-plugin/DisplaySerializerRegistryImpl/DefaultPluginImpl of DefaultPluginImpl [roughlyenoughitems]/"
[01:40:00] [main/TRACE] [REI] [REIPlugin START] Reloading Section: "reloadable-plugin/DisplaySerializerRegistryImpl/DefaultPluginImpl of DefaultPluginImpl [roughlyenoughitems]/" done in 10.11 μs
[01:40:00] [main/TRACE] [REI] [REIPlugin START] Reloading Section: "reloadable-plugin/DisplaySerializerRegistryImpl/DefaultRuntimePlugin of DefaultRuntimePlugin [roughlyenoughitems]/"
[01:40:00] [main/TRACE] [REI] [REIPlugin START] Reloading Section: "reloadable-plugin/DisplaySerializerRegistryImpl/DefaultRuntimePlugin of DefaultRuntimePlugin [roughlyenoughitems]/" done in 11.01 μs
[01:40:00] [main/TRACE] [REI] [REIPlugin START] Reloading Section: "reloadable-plugin/DisplaySerializerRegistryImpl/AetherREIServerPlugin of AetherREIServerPlugin [aether]/"
[01:40:00] [main/TRACE] [REI] [REIPlugin START] Reloading Section: "reloadable-plugin/DisplaySerializerRegistryImpl/AetherREIServerPlugin of AetherREIServerPlugin [aether]/" done in 10.33 μs
[01:40:00] [main/TRACE] [REI] [REIPlugin START] Reloading Section: "reloadable-plugin/DisplaySerializerRegistryImpl/" done in 354.7 μs
[01:40:00] [main/TRACE] [REI] [REIPlugin START] Reloading Section: "reloadable-plugin/FluidSupportProviderImpl/"
[01:40:00] [main/TRACE] [REI] [REIPlugin START] Reloading Section: "reloadable-plugin/FluidSupportProviderImpl/DefaultPluginImpl of DefaultPluginImpl [roughlyenoughitems]/"
[01:40:00] [main/TRACE] [REI] [REIPlugin START] Reloading Section: "reloadable-plugin/FluidSupportProviderImpl/DefaultPluginImpl of DefaultPluginImpl [roughlyenoughitems]/" done in 491.2 μs
[01:40:00] [main/TRACE] [REI] [REIPlugin START] Reloading Section: "reloadable-plugin/FluidSupportProviderImpl/DefaultRuntimePlugin of DefaultRuntimePlugin [roughlyenoughitems]/"
[01:40:00] [main/TRACE] [REI] [REIPlugin START] Reloading Section: "reloadable-plugin/FluidSupportProviderImpl/DefaultRuntimePlugin of DefaultRuntimePlugin [roughlyenoughitems]/" done in 13.94 μs
[01:40:00] [main/TRACE] [REI] [REIPlugin START] Reloading Section: "reloadable-plugin/FluidSupportProviderImpl/AetherREIServerPlugin of AetherREIServerPlugin [aether]/"
[01:40:00] [main/TRACE] [REI] [REIPlugin START] Reloading Section: "reloadable-plugin/FluidSupportProviderImpl/AetherREIServerPlugin of AetherREIServerPlugin [aether]/" done in 11.80 μs
[01:40:00] [main/TRACE] [REI] [REIPlugin START] Reloading Section: "reloadable-plugin/FluidSupportProviderImpl/" done in 884.6 μs
[01:40:00] [main/DEBUG] [REI] ========================================
[01:40:00] [main/DEBUG] [REI] REIPlugin ending main-reload for START.
[01:40:00] [main/DEBUG] [REI] ========================================
[01:40:00] [main/TRACE] [REI] [REIPlugin START] Reloading Section: "end-reload/"
[01:40:00] [main/TRACE] [REI] [REIPlugin START] Reloading Section: "end-reload/EntryTypeRegistryImpl/"
[01:40:00] [main/TRACE] [REI] [REIPlugin START] Reloading Section: "end-reload/EntryTypeRegistryImpl/" done in 22.25 μs
[01:40:00] [main/TRACE] [REI] [REIPlugin START] Reloading Section: "end-reload/EntrySettingsAdapterRegistryImpl/"
[01:40:00] [main/TRACE] [REI] [REIPlugin START] Reloading Section: "end-reload/EntrySettingsAdapterRegistryImpl/" done in 6.181 μs
[01:40:00] [main/TRACE] [REI] [REIPlugin START] Reloading Section: "end-reload/RecipeManagerContextImpl/"
[01:40:00] [main/TRACE] [REI] [REIPlugin START] Reloading Section: "end-reload/RecipeManagerContextImpl/" done in 5.941 μs
[01:40:00] [main/TRACE] [REI] [REIPlugin START] Reloading Section: "end-reload/ItemComparatorRegistryImpl/"
[01:40:00] [main/TRACE] [REI] [REIPlugin START] Reloading Section: "end-reload/ItemComparatorRegistryImpl/" done in 20.75 μs
[01:40:00] [main/TRACE] [REI] [REIPlugin START] Reloading Section: "end-reload/FluidComparatorRegistryImpl/"
[01:40:00] [main/TRACE] [REI] [REIPlugin START] Reloading Section: "end-reload/FluidComparatorRegistryImpl/" done in 5.520 μs
[01:40:00] [main/TRACE] [REI] [REIPlugin START] Reloading Section: "end-reload/DisplaySerializerRegistryImpl/"
[01:40:00] [main/TRACE] [REI] [REIPlugin START] Reloading Section: "end-reload/DisplaySerializerRegistryImpl/" done in 5.721 μs
[01:40:00] [main/TRACE] [REI] [REIPlugin START] Reloading Section: "end-reload/FluidSupportProviderImpl/"
[01:40:00] [main/TRACE] [REI] [REIPlugin START] Reloading Section: "end-reload/FluidSupportProviderImpl/" done in 5.681 μs
[01:40:00] [main/TRACE] [REI] [REIPlugin START] Reloading Section: "end-reload/" done in 804.7 μs
[01:40:00] [main/DEBUG] [REI] ========================================
[01:40:00] [main/DEBUG] [REI] REIPlugin ended main-reload for START in 17.62 ms.
[01:40:00] [main/DEBUG] [REI] ========================================
[01:40:00] [main/INFO] [REI] @@@@@@@@@@@@@@@@@@@@@@@@@@@@@@@@@@@@@@@@
[01:40:00] [main/INFO] [REI] REIServerPlugin starting main-reload for START.
[01:40:00] [main/DEBUG] [REI] Reloadables (2):
[01:40:00] [main/DEBUG] [REI]  - MenuInfoRegistryImpl
[01:40:00] [main/DEBUG] [REI]  - SlotAccessorRegistryImpl
[01:40:00] [main/INFO] [REI] Plugins (3):
[01:40:00] [main/INFO] [REI]  - (-100.00) DefaultPluginImpl of DefaultPluginImpl [roughlyenoughitems]
[01:40:00] [main/INFO] [REI]  - (0.00) AetherREIServerPlugin of AetherREIServerPlugin [aether]
[01:40:00] [main/INFO] [REI]  - (0.00) DefaultRuntimePlugin of DefaultRuntimePlugin [roughlyenoughitems]
[01:40:00] [main/INFO] [REI] @@@@@@@@@@@@@@@@@@@@@@@@@@@@@@@@@@@@@@@@
[01:40:00] [main/TRACE] [REI] [REIServerPlugin START] Reloading Section: "start-reload/"
[01:40:00] [main/TRACE] [REI] [REIServerPlugin START] Reloading Section: "start-reload/MenuInfoRegistryImpl/"
[01:40:00] [main/TRACE] [REI] [REIServerPlugin START] Reloading Section: "start-reload/MenuInfoRegistryImpl/" done in 7.504 μs
[01:40:00] [main/TRACE] [REI] [REIServerPlugin START] Reloading Section: "start-reload/SlotAccessorRegistryImpl/"
[01:40:00] [main/TRACE] [REI] [REIServerPlugin START] Reloading Section: "start-reload/SlotAccessorRegistryImpl/" done in 5.660 μs
[01:40:00] [main/TRACE] [REI] [REIServerPlugin START] Reloading Section: "start-reload/" done in 210.9 μs
[01:40:00] [main/DEBUG] [REI] ========================================
[01:40:00] [main/DEBUG] [REI] REIServerPlugin started main-reload for START.
[01:40:00] [main/DEBUG] [REI] ========================================
[01:40:00] [main/TRACE] [REI] [REIServerPlugin START] Reloading Section: "reloadable-plugin/MenuInfoRegistryImpl/"
[01:40:00] [main/TRACE] [REI] [REIServerPlugin START] Reloading Section: "reloadable-plugin/MenuInfoRegistryImpl/DefaultPluginImpl of DefaultPluginImpl [roughlyenoughitems]/"
[01:40:00] [main/TRACE] [REI] [REIServerPlugin START] Reloading Section: "reloadable-plugin/MenuInfoRegistryImpl/DefaultPluginImpl of DefaultPluginImpl [roughlyenoughitems]/" done in 8.857 μs
[01:40:00] [main/TRACE] [REI] [REIServerPlugin START] Reloading Section: "reloadable-plugin/MenuInfoRegistryImpl/AetherREIServerPlugin of AetherREIServerPlugin [aether]/"
[01:40:00] [main/TRACE] [REI] [REIServerPlugin START] Reloading Section: "reloadable-plugin/MenuInfoRegistryImpl/AetherREIServerPlugin of AetherREIServerPlugin [aether]/" done in 9.137 μs
[01:40:00] [main/TRACE] [REI] [REIServerPlugin START] Reloading Section: "reloadable-plugin/MenuInfoRegistryImpl/DefaultRuntimePlugin of DefaultRuntimePlugin [roughlyenoughitems]/"
[01:40:00] [main/TRACE] [REI] [REIServerPlugin START] Reloading Section: "reloadable-plugin/MenuInfoRegistryImpl/DefaultRuntimePlugin of DefaultRuntimePlugin [roughlyenoughitems]/" done in 9.398 μs
[01:40:00] [main/TRACE] [REI] [REIServerPlugin START] Reloading Section: "reloadable-plugin/MenuInfoRegistryImpl/" done in 416.0 μs
[01:40:00] [main/TRACE] [REI] [REIServerPlugin START] Reloading Section: "reloadable-plugin/SlotAccessorRegistryImpl/"
[01:40:00] [main/TRACE] [REI] [REIServerPlugin START] Reloading Section: "reloadable-plugin/SlotAccessorRegistryImpl/DefaultPluginImpl of DefaultPluginImpl [roughlyenoughitems]/"
[01:40:00] [main/TRACE] [REI] [REIServerPlugin START] Reloading Section: "reloadable-plugin/SlotAccessorRegistryImpl/DefaultPluginImpl of DefaultPluginImpl [roughlyenoughitems]/" done in 8.486 μs
[01:40:00] [main/TRACE] [REI] [REIServerPlugin START] Reloading Section: "reloadable-plugin/SlotAccessorRegistryImpl/AetherREIServerPlugin of AetherREIServerPlugin [aether]/"
[01:40:00] [main/TRACE] [REI] [REIServerPlugin START] Reloading Section: "reloadable-plugin/SlotAccessorRegistryImpl/AetherREIServerPlugin of AetherREIServerPlugin [aether]/" done in 9.128 μs
[01:40:00] [main/TRACE] [REI] [REIServerPlugin START] Reloading Section: "reloadable-plugin/SlotAccessorRegistryImpl/DefaultRuntimePlugin of DefaultRuntimePlugin [roughlyenoughitems]/"
[01:40:00] [main/TRACE] [REI] [REIServerPlugin START] Reloading Section: "reloadable-plugin/SlotAccessorRegistryImpl/DefaultRuntimePlugin of DefaultRuntimePlugin [roughlyenoughitems]/" done in 9.107 μs
[01:40:00] [main/TRACE] [REI] [REIServerPlugin START] Reloading Section: "reloadable-plugin/SlotAccessorRegistryImpl/" done in 349.4 μs
[01:40:00] [main/DEBUG] [REI] ========================================
[01:40:00] [main/DEBUG] [REI] REIServerPlugin ending main-reload for START.
[01:40:00] [main/DEBUG] [REI] ========================================
[01:40:00] [main/TRACE] [REI] [REIServerPlugin START] Reloading Section: "end-reload/"
[01:40:00] [main/TRACE] [REI] [REIServerPlugin START] Reloading Section: "end-reload/MenuInfoRegistryImpl/"
[01:40:00] [main/TRACE] [REI] [REIServerPlugin START] Reloading Section: "end-reload/MenuInfoRegistryImpl/" done in 6.462 μs
[01:40:00] [main/TRACE] [REI] [REIServerPlugin START] Reloading Section: "end-reload/SlotAccessorRegistryImpl/"
[01:40:00] [main/TRACE] [REI] [REIServerPlugin START] Reloading Section: "end-reload/SlotAccessorRegistryImpl/" done in 6.222 μs
[01:40:00] [main/TRACE] [REI] [REIServerPlugin START] Reloading Section: "end-reload/" done in 260.2 μs
[01:40:00] [main/DEBUG] [REI] ========================================
[01:40:00] [main/DEBUG] [REI] REIServerPlugin ended main-reload for START in 3.321 ms.
[01:40:00] [main/DEBUG] [REI] ========================================
[01:40:00] [main/DEBUG] [REI] ========================================
[01:40:00] [main/DEBUG] [REI] REIPlugin starting post-reload for START.
[01:40:00] [main/DEBUG] [REI] Reloadables (7):
[01:40:00] [main/DEBUG] [REI]  - EntryTypeRegistryImpl
[01:40:00] [main/DEBUG] [REI]  - EntrySettingsAdapterRegistryImpl
[01:40:00] [main/DEBUG] [REI]  - RecipeManagerContextImpl
[01:40:00] [main/DEBUG] [REI]  - ItemComparatorRegistryImpl
[01:40:00] [main/DEBUG] [REI]  - FluidComparatorRegistryImpl
[01:40:00] [main/DEBUG] [REI]  - DisplaySerializerRegistryImpl
[01:40:00] [main/DEBUG] [REI]  - FluidSupportProviderImpl
[01:40:00] [main/DEBUG] [REI] Plugins (3):
[01:40:00] [main/DEBUG] [REI]  - (-100.00) DefaultPluginImpl of DefaultPluginImpl [roughlyenoughitems]
[01:40:00] [main/DEBUG] [REI]  - (0.00) DefaultRuntimePlugin of DefaultRuntimePlugin [roughlyenoughitems]
[01:40:00] [main/DEBUG] [REI]  - (0.00) AetherREIServerPlugin of AetherREIServerPlugin [aether]
[01:40:00] [main/DEBUG] [REI] ========================================
[01:40:00] [main/TRACE] [REI] [REIPlugin START] Reloading Section: "post-register/"
[01:40:00] [main/TRACE] [REI] [REIPlugin START] Reloading Section: "post-register/DefaultPluginImpl of DefaultPluginImpl [roughlyenoughitems]/"
[01:40:00] [main/TRACE] [REI] [REIPlugin START] Reloading Section: "post-register/DefaultPluginImpl of DefaultPluginImpl [roughlyenoughitems]/" done in 136.7 μs
[01:40:00] [main/TRACE] [REI] [REIPlugin START] Reloading Section: "post-register/DefaultRuntimePlugin of DefaultRuntimePlugin [roughlyenoughitems]/"
[01:40:00] [main/TRACE] [REI] [REIPlugin START] Reloading Section: "post-register/DefaultRuntimePlugin of DefaultRuntimePlugin [roughlyenoughitems]/" done in 8.265 μs
[01:40:00] [main/TRACE] [REI] [REIPlugin START] Reloading Section: "post-register/AetherREIServerPlugin of AetherREIServerPlugin [aether]/"
[01:40:00] [main/TRACE] [REI] [REIPlugin START] Reloading Section: "post-register/AetherREIServerPlugin of AetherREIServerPlugin [aether]/" done in 7.634 μs
[01:40:00] [main/TRACE] [REI] [REIPlugin START] Reloading Section: "post-register/" done in 662.6 μs
[01:40:00] [main/TRACE] [REI] [REIPlugin START] Reloading Section: "post-stage/"
[01:40:00] [main/TRACE] [REI] [REIPlugin START] Reloading Section: "post-stage/EntryTypeRegistryImpl/"
[01:40:00] [main/TRACE] [REI] [REIPlugin START] Reloading Section: "post-stage/EntryTypeRegistryImpl/" done in 10.17 μs
[01:40:00] [main/TRACE] [REI] [REIPlugin START] Reloading Section: "post-stage/EntrySettingsAdapterRegistryImpl/"
[01:40:00] [main/TRACE] [REI] [REIPlugin START] Reloading Section: "post-stage/EntrySettingsAdapterRegistryImpl/" done in 4.969 μs
[01:40:00] [main/TRACE] [REI] [REIPlugin START] Reloading Section: "post-stage/RecipeManagerContextImpl/"
[01:40:00] [main/TRACE] [REI] [REIPlugin START] Reloading Section: "post-stage/RecipeManagerContextImpl/" done in 4.899 μs
[01:40:00] [main/TRACE] [REI] [REIPlugin START] Reloading Section: "post-stage/ItemComparatorRegistryImpl/"
[01:40:00] [main/TRACE] [REI] [REIPlugin START] Reloading Section: "post-stage/ItemComparatorRegistryImpl/" done in 4.308 μs
[01:40:00] [main/TRACE] [REI] [REIPlugin START] Reloading Section: "post-stage/FluidComparatorRegistryImpl/"
[01:40:00] [main/TRACE] [REI] [REIPlugin START] Reloading Section: "post-stage/FluidComparatorRegistryImpl/" done in 4.679 μs
[01:40:00] [main/TRACE] [REI] [REIPlugin START] Reloading Section: "post-stage/DisplaySerializerRegistryImpl/"
[01:40:00] [main/TRACE] [REI] [REIPlugin START] Reloading Section: "post-stage/DisplaySerializerRegistryImpl/" done in 4.789 μs
[01:40:00] [main/TRACE] [REI] [REIPlugin START] Reloading Section: "post-stage/FluidSupportProviderImpl/"
[01:40:00] [main/TRACE] [REI] [REIPlugin START] Reloading Section: "post-stage/FluidSupportProviderImpl/" done in 4.689 μs
[01:40:00] [main/TRACE] [REI] [REIPlugin START] Reloading Section: "post-stage/" done in 730.4 μs
[01:40:00] [main/DEBUG] [REI] ========================================
[01:40:00] [main/INFO] [REI] REIPlugin finished post-reload for START in 1.578 ms, totaling 35.82 ms.
[01:40:00] [main/DEBUG] [REI] ========================================
[01:40:00] [main/DEBUG] [REI] ========================================
[01:40:00] [main/DEBUG] [REI] REIServerPlugin starting post-reload for START.
[01:40:00] [main/DEBUG] [REI] Reloadables (2):
[01:40:00] [main/DEBUG] [REI]  - MenuInfoRegistryImpl
[01:40:00] [main/DEBUG] [REI]  - SlotAccessorRegistryImpl
[01:40:00] [main/DEBUG] [REI] Plugins (3):
[01:40:00] [main/DEBUG] [REI]  - (-100.00) DefaultPluginImpl of DefaultPluginImpl [roughlyenoughitems]
[01:40:00] [main/DEBUG] [REI]  - (0.00) AetherREIServerPlugin of AetherREIServerPlugin [aether]
[01:40:00] [main/DEBUG] [REI]  - (0.00) DefaultRuntimePlugin of DefaultRuntimePlugin [roughlyenoughitems]
[01:40:00] [main/DEBUG] [REI] ========================================
[01:40:00] [main/TRACE] [REI] [REIServerPlugin START] Reloading Section: "post-register/"
[01:40:00] [main/TRACE] [REI] [REIServerPlugin START] Reloading Section: "post-register/DefaultPluginImpl of DefaultPluginImpl [roughlyenoughitems]/"
[01:40:00] [main/TRACE] [REI] [REIServerPlugin START] Reloading Section: "post-register/DefaultPluginImpl of DefaultPluginImpl [roughlyenoughitems]/" done in 9.638 μs
[01:40:00] [main/TRACE] [REI] [REIServerPlugin START] Reloading Section: "post-register/AetherREIServerPlugin of AetherREIServerPlugin [aether]/"
[01:40:00] [main/TRACE] [REI] [REIServerPlugin START] Reloading Section: "post-register/AetherREIServerPlugin of AetherREIServerPlugin [aether]/" done in 7.454 μs
[01:40:00] [main/TRACE] [REI] [REIServerPlugin START] Reloading Section: "post-register/DefaultRuntimePlugin of DefaultRuntimePlugin [roughlyenoughitems]/"
[01:40:00] [main/TRACE] [REI] [REIServerPlugin START] Reloading Section: "post-register/DefaultRuntimePlugin of DefaultRuntimePlugin [roughlyenoughitems]/" done in 7.283 μs
[01:40:00] [main/TRACE] [REI] [REIServerPlugin START] Reloading Section: "post-register/" done in 330.8 μs
[01:40:00] [main/TRACE] [REI] [REIServerPlugin START] Reloading Section: "post-stage/"
[01:40:00] [main/TRACE] [REI] [REIServerPlugin START] Reloading Section: "post-stage/MenuInfoRegistryImpl/"
[01:40:00] [main/TRACE] [REI] [REIServerPlugin START] Reloading Section: "post-stage/MenuInfoRegistryImpl/" done in 5.009 μs
[01:40:00] [main/TRACE] [REI] [REIServerPlugin START] Reloading Section: "post-stage/SlotAccessorRegistryImpl/"
[01:40:00] [main/TRACE] [REI] [REIServerPlugin START] Reloading Section: "post-stage/SlotAccessorRegistryImpl/" done in 4.158 μs
[01:40:00] [main/TRACE] [REI] [REIServerPlugin START] Reloading Section: "post-stage/" done in 196.7 μs
[01:40:00] [main/DEBUG] [REI] ========================================
[01:40:00] [main/INFO] [REI] REIServerPlugin finished post-reload for START in 710.9 μs, totaling 4.709 ms.
[01:40:00] [main/DEBUG] [REI] ========================================
[01:40:00] [main/DEBUG] [REI] ========================================
[01:40:00] [main/DEBUG] [REI] REIPlugin starting pre-reload for END.
[01:40:00] [main/DEBUG] [REI] Reloadables (7):
[01:40:00] [main/DEBUG] [REI]  - EntryTypeRegistryImpl
[01:40:00] [main/DEBUG] [REI]  - EntrySettingsAdapterRegistryImpl
[01:40:00] [main/DEBUG] [REI]  - RecipeManagerContextImpl
[01:40:00] [main/DEBUG] [REI]  - ItemComparatorRegistryImpl
[01:40:00] [main/DEBUG] [REI]  - FluidComparatorRegistryImpl
[01:40:00] [main/DEBUG] [REI]  - DisplaySerializerRegistryImpl
[01:40:00] [main/DEBUG] [REI]  - FluidSupportProviderImpl
[01:40:00] [main/DEBUG] [REI] Plugins (3):
[01:40:00] [main/DEBUG] [REI]  - (-100.00) DefaultPluginImpl of DefaultPluginImpl [roughlyenoughitems]
[01:40:00] [main/DEBUG] [REI]  - (0.00) DefaultRuntimePlugin of DefaultRuntimePlugin [roughlyenoughitems]
[01:40:00] [main/DEBUG] [REI]  - (0.00) AetherREIServerPlugin of AetherREIServerPlugin [aether]
[01:40:00] [main/DEBUG] [REI] ========================================
[01:40:00] [main/TRACE] [REI] [REIPlugin END] Reloading Section: "pre-register/"
[01:40:00] [main/TRACE] [REI] [REIPlugin END] Reloading Section: "pre-register/DefaultPluginImpl of DefaultPluginImpl [roughlyenoughitems]/"
[01:40:00] [main/TRACE] [REI] [REIPlugin END] Reloading Section: "pre-register/DefaultPluginImpl of DefaultPluginImpl [roughlyenoughitems]/" done in 11.91 μs
[01:40:00] [main/TRACE] [REI] [REIPlugin END] Reloading Section: "pre-register/DefaultRuntimePlugin of DefaultRuntimePlugin [roughlyenoughitems]/"
[01:40:00] [main/TRACE] [REI] [REIPlugin END] Reloading Section: "pre-register/DefaultRuntimePlugin of DefaultRuntimePlugin [roughlyenoughitems]/" done in 9.268 μs
[01:40:00] [main/TRACE] [REI] [REIPlugin END] Reloading Section: "pre-register/AetherREIServerPlugin of AetherREIServerPlugin [aether]/"
[01:40:00] [main/TRACE] [REI] [REIPlugin END] Reloading Section: "pre-register/AetherREIServerPlugin of AetherREIServerPlugin [aether]/" done in 8.796 μs
[01:40:00] [main/TRACE] [REI] [REIPlugin END] Reloading Section: "pre-register/" done in 511.5 μs
[01:40:00] [main/TRACE] [REI] [REIPlugin END] Reloading Section: "pre-stage/"
[01:40:00] [main/TRACE] [REI] [REIPlugin END] Reloading Section: "pre-stage/EntryTypeRegistryImpl/"
[01:40:00] [main/TRACE] [REI] [REIPlugin END] Reloading Section: "pre-stage/EntryTypeRegistryImpl/" done in 6.041 μs
[01:40:00] [main/TRACE] [REI] [REIPlugin END] Reloading Section: "pre-stage/EntrySettingsAdapterRegistryImpl/"
[01:40:00] [main/TRACE] [REI] [REIPlugin END] Reloading Section: "pre-stage/EntrySettingsAdapterRegistryImpl/" done in 5.841 μs
[01:40:00] [main/TRACE] [REI] [REIPlugin END] Reloading Section: "pre-stage/RecipeManagerContextImpl/"
[01:40:00] [main/TRACE] [REI] [REIPlugin END] Reloading Section: "pre-stage/RecipeManagerContextImpl/" done in 6.132 μs
[01:40:00] [main/TRACE] [REI] [REIPlugin END] Reloading Section: "pre-stage/ItemComparatorRegistryImpl/"
[01:40:00] [main/TRACE] [REI] [REIPlugin END] Reloading Section: "pre-stage/ItemComparatorRegistryImpl/" done in 5.991 μs
[01:40:00] [main/TRACE] [REI] [REIPlugin END] Reloading Section: "pre-stage/FluidComparatorRegistryImpl/"
[01:40:00] [main/TRACE] [REI] [REIPlugin END] Reloading Section: "pre-stage/FluidComparatorRegistryImpl/" done in 5.690 μs
[01:40:00] [main/TRACE] [REI] [REIPlugin END] Reloading Section: "pre-stage/DisplaySerializerRegistryImpl/"
[01:40:00] [main/TRACE] [REI] [REIPlugin END] Reloading Section: "pre-stage/DisplaySerializerRegistryImpl/" done in 5.951 μs
[01:40:00] [main/TRACE] [REI] [REIPlugin END] Reloading Section: "pre-stage/FluidSupportProviderImpl/"
[01:40:00] [main/TRACE] [REI] [REIPlugin END] Reloading Section: "pre-stage/FluidSupportProviderImpl/" done in 6.672 μs
[01:40:00] [main/TRACE] [REI] [REIPlugin END] Reloading Section: "pre-stage/" done in 1.203 ms
[01:40:00] [main/DEBUG] [REI] ========================================
[01:40:00] [main/DEBUG] [REI] REIPlugin finished pre-reload for END in 3.681 ms.
[01:40:00] [main/DEBUG] [REI] ========================================
[01:40:00] [main/DEBUG] [REI] ========================================
[01:40:00] [main/DEBUG] [REI] REIServerPlugin starting pre-reload for END.
[01:40:00] [main/DEBUG] [REI] Reloadables (2):
[01:40:00] [main/DEBUG] [REI]  - MenuInfoRegistryImpl
[01:40:00] [main/DEBUG] [REI]  - SlotAccessorRegistryImpl
[01:40:00] [main/DEBUG] [REI] Plugins (3):
[01:40:00] [main/DEBUG] [REI]  - (-100.00) DefaultPluginImpl of DefaultPluginImpl [roughlyenoughitems]
[01:40:00] [main/DEBUG] [REI]  - (0.00) AetherREIServerPlugin of AetherREIServerPlugin [aether]
[01:40:00] [main/DEBUG] [REI]  - (0.00) DefaultRuntimePlugin of DefaultRuntimePlugin [roughlyenoughitems]
[01:40:00] [main/DEBUG] [REI] ========================================
[01:40:00] [main/TRACE] [REI] [REIServerPlugin END] Reloading Section: "pre-register/"
[01:40:00] [main/TRACE] [REI] [REIServerPlugin END] Reloading Section: "pre-register/DefaultPluginImpl of DefaultPluginImpl [roughlyenoughitems]/"
[01:40:00] [main/TRACE] [REI] [REIServerPlugin END] Reloading Section: "pre-register/DefaultPluginImpl of DefaultPluginImpl [roughlyenoughitems]/" done in 9.938 μs
[01:40:00] [main/TRACE] [REI] [REIServerPlugin END] Reloading Section: "pre-register/AetherREIServerPlugin of AetherREIServerPlugin [aether]/"
[01:40:00] [main/TRACE] [REI] [REIServerPlugin END] Reloading Section: "pre-register/AetherREIServerPlugin of AetherREIServerPlugin [aether]/" done in 8.316 μs
[01:40:00] [main/TRACE] [REI] [REIServerPlugin END] Reloading Section: "pre-register/DefaultRuntimePlugin of DefaultRuntimePlugin [roughlyenoughitems]/"
[01:40:00] [main/TRACE] [REI] [REIServerPlugin END] Reloading Section: "pre-register/DefaultRuntimePlugin of DefaultRuntimePlugin [roughlyenoughitems]/" done in 7.424 μs
[01:40:00] [main/TRACE] [REI] [REIServerPlugin END] Reloading Section: "pre-register/" done in 328.5 μs
[01:40:00] [main/TRACE] [REI] [REIServerPlugin END] Reloading Section: "pre-stage/"
[01:40:00] [main/TRACE] [REI] [REIServerPlugin END] Reloading Section: "pre-stage/MenuInfoRegistryImpl/"
[01:40:00] [main/TRACE] [REI] [REIServerPlugin END] Reloading Section: "pre-stage/MenuInfoRegistryImpl/" done in 6.112 μs
[01:40:00] [main/TRACE] [REI] [REIServerPlugin END] Reloading Section: "pre-stage/SlotAccessorRegistryImpl/"
[01:40:00] [main/TRACE] [REI] [REIServerPlugin END] Reloading Section: "pre-stage/SlotAccessorRegistryImpl/" done in 5.310 μs
[01:40:00] [main/TRACE] [REI] [REIServerPlugin END] Reloading Section: "pre-stage/" done in 169.4 μs
[01:40:00] [main/DEBUG] [REI] ========================================
[01:40:00] [main/DEBUG] [REI] REIServerPlugin finished pre-reload for END in 648.1 μs.
[01:40:00] [main/DEBUG] [REI] ========================================
[01:40:00] [main/INFO] [REI] @@@@@@@@@@@@@@@@@@@@@@@@@@@@@@@@@@@@@@@@
[01:40:00] [main/INFO] [REI] REIPlugin starting main-reload for END.
[01:40:00] [main/DEBUG] [REI] Reloadables (7):
[01:40:00] [main/DEBUG] [REI]  - EntryTypeRegistryImpl
[01:40:00] [main/DEBUG] [REI]  - EntrySettingsAdapterRegistryImpl
[01:40:00] [main/DEBUG] [REI]  - RecipeManagerContextImpl
[01:40:00] [main/DEBUG] [REI]  - ItemComparatorRegistryImpl
[01:40:00] [main/DEBUG] [REI]  - FluidComparatorRegistryImpl
[01:40:00] [main/DEBUG] [REI]  - DisplaySerializerRegistryImpl
[01:40:00] [main/DEBUG] [REI]  - FluidSupportProviderImpl
[01:40:00] [main/INFO] [REI] Plugins (3):
[01:40:00] [main/INFO] [REI]  - (-100.00) DefaultPluginImpl of DefaultPluginImpl [roughlyenoughitems]
[01:40:00] [main/INFO] [REI]  - (0.00) DefaultRuntimePlugin of DefaultRuntimePlugin [roughlyenoughitems]
[01:40:00] [main/INFO] [REI]  - (0.00) AetherREIServerPlugin of AetherREIServerPlugin [aether]
[01:40:00] [main/INFO] [REI] @@@@@@@@@@@@@@@@@@@@@@@@@@@@@@@@@@@@@@@@
[01:40:00] [main/TRACE] [REI] [REIPlugin END] Reloading Section: "start-reload/"
[01:40:00] [main/TRACE] [REI] [REIPlugin END] Reloading Section: "start-reload/EntryTypeRegistryImpl/"
[01:40:00] [main/TRACE] [REI] [REIPlugin END] Reloading Section: "start-reload/EntryTypeRegistryImpl/" done in 7.795 μs
[01:40:00] [main/TRACE] [REI] [REIPlugin END] Reloading Section: "start-reload/EntrySettingsAdapterRegistryImpl/"
[01:40:00] [main/TRACE] [REI] [REIPlugin END] Reloading Section: "start-reload/EntrySettingsAdapterRegistryImpl/" done in 18.81 μs
[01:40:00] [main/TRACE] [REI] [REIPlugin END] Reloading Section: "start-reload/RecipeManagerContextImpl/"
[01:40:00] [main/TRACE] [REI] [REIPlugin END] Reloading Section: "start-reload/RecipeManagerContextImpl/" done in 6.573 μs
[01:40:00] [main/TRACE] [REI] [REIPlugin END] Reloading Section: "start-reload/ItemComparatorRegistryImpl/"
[01:40:00] [main/TRACE] [REI] [REIPlugin END] Reloading Section: "start-reload/ItemComparatorRegistryImpl/" done in 4.989 μs
[01:40:00] [main/TRACE] [REI] [REIPlugin END] Reloading Section: "start-reload/FluidComparatorRegistryImpl/"
[01:40:00] [main/TRACE] [REI] [REIPlugin END] Reloading Section: "start-reload/FluidComparatorRegistryImpl/" done in 4.277 μs
[01:40:00] [main/TRACE] [REI] [REIPlugin END] Reloading Section: "start-reload/DisplaySerializerRegistryImpl/"
[01:40:00] [main/TRACE] [REI] [REIPlugin END] Reloading Section: "start-reload/DisplaySerializerRegistryImpl/" done in 12.18 μs
[01:40:00] [main/TRACE] [REI] [REIPlugin END] Reloading Section: "start-reload/FluidSupportProviderImpl/"
[01:40:00] [main/TRACE] [REI] [REIPlugin END] Reloading Section: "start-reload/FluidSupportProviderImpl/" done in 4.799 μs
[01:40:00] [main/TRACE] [REI] [REIPlugin END] Reloading Section: "start-reload/" done in 742.9 μs
[01:40:00] [main/DEBUG] [REI] ========================================
[01:40:00] [main/DEBUG] [REI] REIPlugin started main-reload for END.
[01:40:00] [main/DEBUG] [REI] ========================================
[01:40:00] [main/TRACE] [REI] [REIPlugin END] Reloading Section: "reloadable-plugin/EntryTypeRegistryImpl/"
[01:40:00] [main/TRACE] [REI] [REIPlugin END] Reloading Section: "reloadable-plugin/EntryTypeRegistryImpl/DefaultPluginImpl of DefaultPluginImpl [roughlyenoughitems]/"
[01:40:00] [main/TRACE] [REI] [REIPlugin END] Reloading Section: "reloadable-plugin/EntryTypeRegistryImpl/DefaultPluginImpl of DefaultPluginImpl [roughlyenoughitems]/" done in 15.45 μs
[01:40:00] [main/TRACE] [REI] [REIPlugin END] Reloading Section: "reloadable-plugin/EntryTypeRegistryImpl/DefaultRuntimePlugin of DefaultRuntimePlugin [roughlyenoughitems]/"
[01:40:00] [main/TRACE] [REI] [REIPlugin END] Reloading Section: "reloadable-plugin/EntryTypeRegistryImpl/DefaultRuntimePlugin of DefaultRuntimePlugin [roughlyenoughitems]/" done in 11.91 μs
[01:40:00] [main/TRACE] [REI] [REIPlugin END] Reloading Section: "reloadable-plugin/EntryTypeRegistryImpl/AetherREIServerPlugin of AetherREIServerPlugin [aether]/"
[01:40:00] [main/TRACE] [REI] [REIPlugin END] Reloading Section: "reloadable-plugin/EntryTypeRegistryImpl/AetherREIServerPlugin of AetherREIServerPlugin [aether]/" done in 11.06 μs
[01:40:00] [main/TRACE] [REI] [REIPlugin END] Reloading Section: "reloadable-plugin/EntryTypeRegistryImpl/" done in 373.9 μs
[01:40:00] [main/TRACE] [REI] [REIPlugin END] Reloading Section: "reloadable-plugin/EntrySettingsAdapterRegistryImpl/"
[01:40:00] [main/TRACE] [REI] [REIPlugin END] Reloading Section: "reloadable-plugin/EntrySettingsAdapterRegistryImpl/DefaultPluginImpl of DefaultPluginImpl [roughlyenoughitems]/"
[01:40:00] [main/TRACE] [REI] [REIPlugin END] Reloading Section: "reloadable-plugin/EntrySettingsAdapterRegistryImpl/DefaultPluginImpl of DefaultPluginImpl [roughlyenoughitems]/" done in 22.83 μs
[01:40:00] [main/TRACE] [REI] [REIPlugin END] Reloading Section: "reloadable-plugin/EntrySettingsAdapterRegistryImpl/DefaultRuntimePlugin of DefaultRuntimePlugin [roughlyenoughitems]/"
[01:40:00] [main/TRACE] [REI] [REIPlugin END] Reloading Section: "reloadable-plugin/EntrySettingsAdapterRegistryImpl/DefaultRuntimePlugin of DefaultRuntimePlugin [roughlyenoughitems]/" done in 14.12 μs
[01:40:00] [main/TRACE] [REI] [REIPlugin END] Reloading Section: "reloadable-plugin/EntrySettingsAdapterRegistryImpl/AetherREIServerPlugin of AetherREIServerPlugin [aether]/"
[01:40:00] [main/TRACE] [REI] [REIPlugin END] Reloading Section: "reloadable-plugin/EntrySettingsAdapterRegistryImpl/AetherREIServerPlugin of AetherREIServerPlugin [aether]/" done in 15.68 μs
[01:40:00] [main/TRACE] [REI] [REIPlugin END] Reloading Section: "reloadable-plugin/EntrySettingsAdapterRegistryImpl/" done in 376.7 μs
[01:40:00] [main/TRACE] [REI] [REIPlugin END] Reloading Section: "reloadable-plugin/RecipeManagerContextImpl/"
[01:40:00] [main/TRACE] [REI] [REIPlugin END] Reloading Section: "reloadable-plugin/RecipeManagerContextImpl/DefaultPluginImpl of DefaultPluginImpl [roughlyenoughitems]/"
[01:40:00] [main/TRACE] [REI] [REIPlugin END] Reloading Section: "reloadable-plugin/RecipeManagerContextImpl/DefaultPluginImpl of DefaultPluginImpl [roughlyenoughitems]/" done in 12.80 μs
[01:40:00] [main/TRACE] [REI] [REIPlugin END] Reloading Section: "reloadable-plugin/RecipeManagerContextImpl/DefaultRuntimePlugin of DefaultRuntimePlugin [roughlyenoughitems]/"
[01:40:00] [main/TRACE] [REI] [REIPlugin END] Reloading Section: "reloadable-plugin/RecipeManagerContextImpl/DefaultRuntimePlugin of DefaultRuntimePlugin [roughlyenoughitems]/" done in 15.49 μs
[01:40:00] [main/TRACE] [REI] [REIPlugin END] Reloading Section: "reloadable-plugin/RecipeManagerContextImpl/AetherREIServerPlugin of AetherREIServerPlugin [aether]/"
[01:40:00] [main/TRACE] [REI] [REIPlugin END] Reloading Section: "reloadable-plugin/RecipeManagerContextImpl/AetherREIServerPlugin of AetherREIServerPlugin [aether]/" done in 11.80 μs
[01:40:00] [main/TRACE] [REI] [REIPlugin END] Reloading Section: "reloadable-plugin/RecipeManagerContextImpl/" done in 392.0 μs
[01:40:00] [main/TRACE] [REI] [REIPlugin END] Reloading Section: "reloadable-plugin/ItemComparatorRegistryImpl/"
[01:40:00] [main/TRACE] [REI] [REIPlugin END] Reloading Section: "reloadable-plugin/ItemComparatorRegistryImpl/DefaultPluginImpl of DefaultPluginImpl [roughlyenoughitems]/"
[01:40:00] [main/TRACE] [REI] [REIPlugin END] Reloading Section: "reloadable-plugin/ItemComparatorRegistryImpl/DefaultPluginImpl of DefaultPluginImpl [roughlyenoughitems]/" done in 10.22 μs
[01:40:00] [main/TRACE] [REI] [REIPlugin END] Reloading Section: "reloadable-plugin/ItemComparatorRegistryImpl/DefaultRuntimePlugin of DefaultRuntimePlugin [roughlyenoughitems]/"
[01:40:00] [main/TRACE] [REI] [REIPlugin END] Reloading Section: "reloadable-plugin/ItemComparatorRegistryImpl/DefaultRuntimePlugin of DefaultRuntimePlugin [roughlyenoughitems]/" done in 10.76 μs
[01:40:00] [main/TRACE] [REI] [REIPlugin END] Reloading Section: "reloadable-plugin/ItemComparatorRegistryImpl/AetherREIServerPlugin of AetherREIServerPlugin [aether]/"
[01:40:00] [main/TRACE] [REI] [REIPlugin END] Reloading Section: "reloadable-plugin/ItemComparatorRegistryImpl/AetherREIServerPlugin of AetherREIServerPlugin [aether]/" done in 11.13 μs
[01:40:00] [main/TRACE] [REI] [REIPlugin END] Reloading Section: "reloadable-plugin/ItemComparatorRegistryImpl/" done in 349.4 μs
[01:40:00] [main/TRACE] [REI] [REIPlugin END] Reloading Section: "reloadable-plugin/FluidComparatorRegistryImpl/"
[01:40:00] [main/TRACE] [REI] [REIPlugin END] Reloading Section: "reloadable-plugin/FluidComparatorRegistryImpl/DefaultPluginImpl of DefaultPluginImpl [roughlyenoughitems]/"
[01:40:00] [main/TRACE] [REI] [REIPlugin END] Reloading Section: "reloadable-plugin/FluidComparatorRegistryImpl/DefaultPluginImpl of DefaultPluginImpl [roughlyenoughitems]/" done in 10.36 μs
[01:40:00] [main/TRACE] [REI] [REIPlugin END] Reloading Section: "reloadable-plugin/FluidComparatorRegistryImpl/DefaultRuntimePlugin of DefaultRuntimePlugin [roughlyenoughitems]/"
[01:40:00] [main/TRACE] [REI] [REIPlugin END] Reloading Section: "reloadable-plugin/FluidComparatorRegistryImpl/DefaultRuntimePlugin of DefaultRuntimePlugin [roughlyenoughitems]/" done in 13.71 μs
[01:40:00] [main/TRACE] [REI] [REIPlugin END] Reloading Section: "reloadable-plugin/FluidComparatorRegistryImpl/AetherREIServerPlugin of AetherREIServerPlugin [aether]/"
[01:40:00] [main/TRACE] [REI] [REIPlugin END] Reloading Section: "reloadable-plugin/FluidComparatorRegistryImpl/AetherREIServerPlugin of AetherREIServerPlugin [aether]/" done in 10.23 μs
[01:40:00] [main/TRACE] [REI] [REIPlugin END] Reloading Section: "reloadable-plugin/FluidComparatorRegistryImpl/" done in 339.2 μs
[01:40:00] [main/TRACE] [REI] [REIPlugin END] Reloading Section: "reloadable-plugin/DisplaySerializerRegistryImpl/"
[01:40:00] [main/TRACE] [REI] [REIPlugin END] Reloading Section: "reloadable-plugin/DisplaySerializerRegistryImpl/DefaultPluginImpl of DefaultPluginImpl [roughlyenoughitems]/"
[01:40:00] [main/TRACE] [REI] [REIPlugin END] Reloading Section: "reloadable-plugin/DisplaySerializerRegistryImpl/DefaultPluginImpl of DefaultPluginImpl [roughlyenoughitems]/" done in 19.70 ms
[01:40:00] [main/TRACE] [REI] [REIPlugin END] Reloading Section: "reloadable-plugin/DisplaySerializerRegistryImpl/DefaultRuntimePlugin of DefaultRuntimePlugin [roughlyenoughitems]/"
[01:40:00] [main/TRACE] [REI] [REIPlugin END] Reloading Section: "reloadable-plugin/DisplaySerializerRegistryImpl/DefaultRuntimePlugin of DefaultRuntimePlugin [roughlyenoughitems]/" done in 38.03 μs
[01:40:00] [main/TRACE] [REI] [REIPlugin END] Reloading Section: "reloadable-plugin/DisplaySerializerRegistryImpl/AetherREIServerPlugin of AetherREIServerPlugin [aether]/"
[01:40:00] [main/TRACE] [REI] [REIPlugin END] Reloading Section: "reloadable-plugin/DisplaySerializerRegistryImpl/AetherREIServerPlugin of AetherREIServerPlugin [aether]/" done in 832.8 μs
[01:40:00] [main/TRACE] [REI] [REIPlugin END] Reloading Section: "reloadable-plugin/DisplaySerializerRegistryImpl/" done in 21.08 ms
[01:40:00] [main/TRACE] [REI] [REIPlugin END] Reloading Section: "reloadable-plugin/FluidSupportProviderImpl/"
[01:40:00] [main/TRACE] [REI] [REIPlugin END] Reloading Section: "reloadable-plugin/FluidSupportProviderImpl/DefaultPluginImpl of DefaultPluginImpl [roughlyenoughitems]/"
[01:40:00] [main/TRACE] [REI] [REIPlugin END] Reloading Section: "reloadable-plugin/FluidSupportProviderImpl/DefaultPluginImpl of DefaultPluginImpl [roughlyenoughitems]/" done in 11.49 μs
[01:40:00] [main/TRACE] [REI] [REIPlugin END] Reloading Section: "reloadable-plugin/FluidSupportProviderImpl/DefaultRuntimePlugin of DefaultRuntimePlugin [roughlyenoughitems]/"
[01:40:00] [main/TRACE] [REI] [REIPlugin END] Reloading Section: "reloadable-plugin/FluidSupportProviderImpl/DefaultRuntimePlugin of DefaultRuntimePlugin [roughlyenoughitems]/" done in 10.20 μs
[01:40:00] [main/TRACE] [REI] [REIPlugin END] Reloading Section: "reloadable-plugin/FluidSupportProviderImpl/AetherREIServerPlugin of AetherREIServerPlugin [aether]/"
[01:40:00] [main/TRACE] [REI] [REIPlugin END] Reloading Section: "reloadable-plugin/FluidSupportProviderImpl/AetherREIServerPlugin of AetherREIServerPlugin [aether]/" done in 10.33 μs
[01:40:00] [main/TRACE] [REI] [REIPlugin END] Reloading Section: "reloadable-plugin/FluidSupportProviderImpl/" done in 318.8 μs
[01:40:00] [main/DEBUG] [REI] ========================================
[01:40:00] [main/DEBUG] [REI] REIPlugin ending main-reload for END.
[01:40:00] [main/DEBUG] [REI] ========================================
[01:40:00] [main/TRACE] [REI] [REIPlugin END] Reloading Section: "end-reload/"
[01:40:00] [main/TRACE] [REI] [REIPlugin END] Reloading Section: "end-reload/EntryTypeRegistryImpl/"
[01:40:00] [main/TRACE] [REI] [REIPlugin END] Reloading Section: "end-reload/EntryTypeRegistryImpl/" done in 5.891 μs
[01:40:00] [main/TRACE] [REI] [REIPlugin END] Reloading Section: "end-reload/EntrySettingsAdapterRegistryImpl/"
[01:40:00] [main/TRACE] [REI] [REIPlugin END] Reloading Section: "end-reload/EntrySettingsAdapterRegistryImpl/" done in 4.738 μs
[01:40:00] [main/TRACE] [REI] [REIPlugin END] Reloading Section: "end-reload/RecipeManagerContextImpl/"
[01:40:00] [main/TRACE] [REI] [REIPlugin END] Reloading Section: "end-reload/RecipeManagerContextImpl/" done in 4.809 μs
[01:40:00] [main/TRACE] [REI] [REIPlugin END] Reloading Section: "end-reload/ItemComparatorRegistryImpl/"
[01:40:00] [main/TRACE] [REI] [REIPlugin END] Reloading Section: "end-reload/ItemComparatorRegistryImpl/" done in 5.100 μs
[01:40:00] [main/TRACE] [REI] [REIPlugin END] Reloading Section: "end-reload/FluidComparatorRegistryImpl/"
[01:40:00] [main/TRACE] [REI] [REIPlugin END] Reloading Section: "end-reload/FluidComparatorRegistryImpl/" done in 4.559 μs
[01:40:00] [main/TRACE] [REI] [REIPlugin END] Reloading Section: "end-reload/DisplaySerializerRegistryImpl/"
[01:40:00] [main/TRACE] [REI] [REIPlugin END] Reloading Section: "end-reload/DisplaySerializerRegistryImpl/" done in 4.509 μs
[01:40:00] [main/TRACE] [REI] [REIPlugin END] Reloading Section: "end-reload/FluidSupportProviderImpl/"
[01:40:00] [main/TRACE] [REI] [REIPlugin END] Reloading Section: "end-reload/FluidSupportProviderImpl/" done in 4.639 μs
[01:40:00] [main/TRACE] [REI] [REIPlugin END] Reloading Section: "end-reload/" done in 585.5 μs
[01:40:00] [main/DEBUG] [REI] ========================================
[01:40:00] [main/DEBUG] [REI] REIPlugin ended main-reload for END in 29.18 ms.
[01:40:00] [main/DEBUG] [REI] ========================================
[01:40:00] [main/INFO] [REI] OOOOOOOOOOOOOOOOOOOOOOOOOOOOOOOOOOOOOOOO
[01:40:00] [main/INFO] [REI] REIServerPlugin starting main-reload for END.
[01:40:00] [main/DEBUG] [REI] Reloadables (2):
[01:40:00] [main/DEBUG] [REI]  - MenuInfoRegistryImpl
[01:40:00] [main/DEBUG] [REI]  - SlotAccessorRegistryImpl
[01:40:00] [main/INFO] [REI] Plugins (3):
[01:40:00] [main/INFO] [REI]  - (-100.00) DefaultPluginImpl of DefaultPluginImpl [roughlyenoughitems]
[01:40:00] [main/INFO] [REI]  - (0.00) AetherREIServerPlugin of AetherREIServerPlugin [aether]
[01:40:00] [main/INFO] [REI]  - (0.00) DefaultRuntimePlugin of DefaultRuntimePlugin [roughlyenoughitems]
[01:40:00] [main/INFO] [REI] OOOOOOOOOOOOOOOOOOOOOOOOOOOOOOOOOOOOOOOO
[01:40:00] [main/TRACE] [REI] [REIServerPlugin END] Reloading Section: "start-reload/"
[01:40:00] [main/TRACE] [REI] [REIServerPlugin END] Reloading Section: "start-reload/MenuInfoRegistryImpl/"
[01:40:00] [main/TRACE] [REI] [REIServerPlugin END] Reloading Section: "start-reload/MenuInfoRegistryImpl/" done in 18.50 μs
[01:40:00] [main/TRACE] [REI] [REIServerPlugin END] Reloading Section: "start-reload/SlotAccessorRegistryImpl/"
[01:40:00] [main/TRACE] [REI] [REIServerPlugin END] Reloading Section: "start-reload/SlotAccessorRegistryImpl/" done in 11.84 μs
[01:40:00] [main/TRACE] [REI] [REIServerPlugin END] Reloading Section: "start-reload/" done in 207.9 μs
[01:40:00] [main/DEBUG] [REI] ========================================
[01:40:00] [main/DEBUG] [REI] REIServerPlugin started main-reload for END.
[01:40:00] [main/DEBUG] [REI] ========================================
[01:40:00] [main/TRACE] [REI] [REIServerPlugin END] Reloading Section: "reloadable-plugin/MenuInfoRegistryImpl/"
[01:40:00] [main/TRACE] [REI] [REIServerPlugin END] Reloading Section: "reloadable-plugin/MenuInfoRegistryImpl/DefaultPluginImpl of DefaultPluginImpl [roughlyenoughitems]/"
[01:40:00] [main/TRACE] [REI] [REIServerPlugin END] Reloading Section: "reloadable-plugin/MenuInfoRegistryImpl/DefaultPluginImpl of DefaultPluginImpl [roughlyenoughitems]/" done in 43.99 μs
[01:40:00] [main/TRACE] [REI] [REIServerPlugin END] Reloading Section: "reloadable-plugin/MenuInfoRegistryImpl/AetherREIServerPlugin of AetherREIServerPlugin [aether]/"
[01:40:00] [main/TRACE] [REI] [REIServerPlugin END] Reloading Section: "reloadable-plugin/MenuInfoRegistryImpl/AetherREIServerPlugin of AetherREIServerPlugin [aether]/" done in 10.76 μs
[01:40:00] [main/TRACE] [REI] [REIServerPlugin END] Reloading Section: "reloadable-plugin/MenuInfoRegistryImpl/DefaultRuntimePlugin of DefaultRuntimePlugin [roughlyenoughitems]/"
[01:40:00] [main/TRACE] [REI] [REIServerPlugin END] Reloading Section: "reloadable-plugin/MenuInfoRegistryImpl/DefaultRuntimePlugin of DefaultRuntimePlugin [roughlyenoughitems]/" done in 8.546 μs
[01:40:00] [main/TRACE] [REI] [REIServerPlugin END] Reloading Section: "reloadable-plugin/MenuInfoRegistryImpl/" done in 346.3 μs
[01:40:00] [main/TRACE] [REI] [REIServerPlugin END] Reloading Section: "reloadable-plugin/SlotAccessorRegistryImpl/"
[01:40:00] [main/TRACE] [REI] [REIServerPlugin END] Reloading Section: "reloadable-plugin/SlotAccessorRegistryImpl/DefaultPluginImpl of DefaultPluginImpl [roughlyenoughitems]/"
[01:40:00] [main/TRACE] [REI] [REIServerPlugin END] Reloading Section: "reloadable-plugin/SlotAccessorRegistryImpl/DefaultPluginImpl of DefaultPluginImpl [roughlyenoughitems]/" done in 26.11 μs
[01:40:00] [main/TRACE] [REI] [REIServerPlugin END] Reloading Section: "reloadable-plugin/SlotAccessorRegistryImpl/AetherREIServerPlugin of AetherREIServerPlugin [aether]/"
[01:40:00] [main/TRACE] [REI] [REIServerPlugin END] Reloading Section: "reloadable-plugin/SlotAccessorRegistryImpl/AetherREIServerPlugin of AetherREIServerPlugin [aether]/" done in 8.817 μs
[01:40:00] [main/TRACE] [REI] [REIServerPlugin END] Reloading Section: "reloadable-plugin/SlotAccessorRegistryImpl/DefaultRuntimePlugin of DefaultRuntimePlugin [roughlyenoughitems]/"
[01:40:00] [main/DEBUG] [REI] Added slot accessor serializer: me.shedaniel.rei.plugin.common.runtime.DefaultRuntimePlugin$1@7a0afdb8 [roughlyenoughitems:vanilla]
[01:40:00] [main/DEBUG] [REI] Added slot accessor serializer: me.shedaniel.rei.plugin.common.runtime.DefaultRuntimePlugin$2@3e3e2a91 [roughlyenoughitems:player]
[01:40:00] [main/TRACE] [REI] [REIServerPlugin END] Reloading Section: "reloadable-plugin/SlotAccessorRegistryImpl/DefaultRuntimePlugin of DefaultRuntimePlugin [roughlyenoughitems]/" done in 2.031 ms
[01:40:00] [main/TRACE] [REI] [REIServerPlugin END] Reloading Section: "reloadable-plugin/SlotAccessorRegistryImpl/" done in 2.363 ms
[01:40:00] [main/DEBUG] [REI] ========================================
[01:40:00] [main/DEBUG] [REI] REIServerPlugin ending main-reload for END.
[01:40:00] [main/DEBUG] [REI] ========================================
[01:40:00] [main/TRACE] [REI] [REIServerPlugin END] Reloading Section: "end-reload/"
[01:40:00] [main/TRACE] [REI] [REIServerPlugin END] Reloading Section: "end-reload/MenuInfoRegistryImpl/"
[01:40:00] [main/DEBUG] [REI] Registered 0 menu infos
[01:40:00] [main/TRACE] [REI] [REIServerPlugin END] Reloading Section: "end-reload/MenuInfoRegistryImpl/" done in 111.5 μs
[01:40:00] [main/TRACE] [REI] [REIServerPlugin END] Reloading Section: "end-reload/SlotAccessorRegistryImpl/"
[01:40:00] [main/DEBUG] [REI] Registered 2 slot accessor serializers
[01:40:00] [main/TRACE] [REI] [REIServerPlugin END] Reloading Section: "end-reload/SlotAccessorRegistryImpl/" done in 85.56 μs
[01:40:00] [main/TRACE] [REI] [REIServerPlugin END] Reloading Section: "end-reload/" done in 404.3 μs
[01:40:00] [main/DEBUG] [REI] ========================================
[01:40:00] [main/DEBUG] [REI] REIServerPlugin ended main-reload for END in 5.123 ms.
[01:40:00] [main/DEBUG] [REI] ========================================
[01:40:00] [main/DEBUG] [REI] ========================================
[01:40:00] [main/DEBUG] [REI] REIPlugin starting post-reload for END.
[01:40:00] [main/DEBUG] [REI] Reloadables (7):
[01:40:00] [main/DEBUG] [REI]  - EntryTypeRegistryImpl
[01:40:00] [main/DEBUG] [REI]  - EntrySettingsAdapterRegistryImpl
[01:40:00] [main/DEBUG] [REI]  - RecipeManagerContextImpl
[01:40:00] [main/DEBUG] [REI]  - ItemComparatorRegistryImpl
[01:40:00] [main/DEBUG] [REI]  - FluidComparatorRegistryImpl
[01:40:00] [main/DEBUG] [REI]  - DisplaySerializerRegistryImpl
[01:40:00] [main/DEBUG] [REI]  - FluidSupportProviderImpl
[01:40:00] [main/DEBUG] [REI] Plugins (3):
[01:40:00] [main/DEBUG] [REI]  - (-100.00) DefaultPluginImpl of DefaultPluginImpl [roughlyenoughitems]
[01:40:00] [main/DEBUG] [REI]  - (0.00) DefaultRuntimePlugin of DefaultRuntimePlugin [roughlyenoughitems]
[01:40:00] [main/DEBUG] [REI]  - (0.00) AetherREIServerPlugin of AetherREIServerPlugin [aether]
[01:40:00] [main/DEBUG] [REI] ========================================
[01:40:00] [main/TRACE] [REI] [REIPlugin END] Reloading Section: "post-register/"
[01:40:00] [main/TRACE] [REI] [REIPlugin END] Reloading Section: "post-register/DefaultPluginImpl of DefaultPluginImpl [roughlyenoughitems]/"
[01:40:00] [main/TRACE] [REI] [REIPlugin END] Reloading Section: "post-register/DefaultPluginImpl of DefaultPluginImpl [roughlyenoughitems]/" done in 184.3 μs
[01:40:00] [main/TRACE] [REI] [REIPlugin END] Reloading Section: "post-register/DefaultRuntimePlugin of DefaultRuntimePlugin [roughlyenoughitems]/"
[01:40:00] [main/TRACE] [REI] [REIPlugin END] Reloading Section: "post-register/DefaultRuntimePlugin of DefaultRuntimePlugin [roughlyenoughitems]/" done in 7.314 μs
[01:40:00] [main/TRACE] [REI] [REIPlugin END] Reloading Section: "post-register/AetherREIServerPlugin of AetherREIServerPlugin [aether]/"
[01:40:00] [main/TRACE] [REI] [REIPlugin END] Reloading Section: "post-register/AetherREIServerPlugin of AetherREIServerPlugin [aether]/" done in 6.702 μs
[01:40:00] [main/TRACE] [REI] [REIPlugin END] Reloading Section: "post-register/" done in 494.2 μs
[01:40:00] [main/TRACE] [REI] [REIPlugin END] Reloading Section: "post-stage/"
[01:40:00] [main/TRACE] [REI] [REIPlugin END] Reloading Section: "post-stage/EntryTypeRegistryImpl/"
[01:40:00] [main/TRACE] [REI] [REIPlugin END] Reloading Section: "post-stage/EntryTypeRegistryImpl/" done in 4.809 μs
[01:40:00] [main/TRACE] [REI] [REIPlugin END] Reloading Section: "post-stage/EntrySettingsAdapterRegistryImpl/"
[01:40:00] [main/TRACE] [REI] [REIPlugin END] Reloading Section: "post-stage/EntrySettingsAdapterRegistryImpl/" done in 6.001 μs
[01:40:00] [main/TRACE] [REI] [REIPlugin END] Reloading Section: "post-stage/RecipeManagerContextImpl/"
[01:40:00] [main/TRACE] [REI] [REIPlugin END] Reloading Section: "post-stage/RecipeManagerContextImpl/" done in 4.379 μs
[01:40:00] [main/TRACE] [REI] [REIPlugin END] Reloading Section: "post-stage/ItemComparatorRegistryImpl/"
[01:40:00] [main/TRACE] [REI] [REIPlugin END] Reloading Section: "post-stage/ItemComparatorRegistryImpl/" done in 4.107 μs
[01:40:00] [main/TRACE] [REI] [REIPlugin END] Reloading Section: "post-stage/FluidComparatorRegistryImpl/"
[01:40:00] [main/TRACE] [REI] [REIPlugin END] Reloading Section: "post-stage/FluidComparatorRegistryImpl/" done in 4.028 μs
[01:40:00] [main/TRACE] [REI] [REIPlugin END] Reloading Section: "post-stage/DisplaySerializerRegistryImpl/"
[01:40:00] [main/TRACE] [REI] [REIPlugin END] Reloading Section: "post-stage/DisplaySerializerRegistryImpl/" done in 3.667 μs
[01:40:00] [main/TRACE] [REI] [REIPlugin END] Reloading Section: "post-stage/FluidSupportProviderImpl/"
[01:40:00] [main/TRACE] [REI] [REIPlugin END] Reloading Section: "post-stage/FluidSupportProviderImpl/" done in 4.749 μs
[01:40:00] [main/TRACE] [REI] [REIPlugin END] Reloading Section: "post-stage/" done in 608.5 μs
[01:40:00] [main/DEBUG] [REI] ========================================
[01:40:00] [main/INFO] [REI] REIPlugin finished post-reload for END in 1.272 ms, totaling 34.08 ms.
[01:40:00] [main/DEBUG] [REI] ========================================
[01:40:00] [main/DEBUG] [REI] ========================================
[01:40:00] [main/DEBUG] [REI] REIServerPlugin starting post-reload for END.
[01:40:00] [main/DEBUG] [REI] Reloadables (2):
[01:40:00] [main/DEBUG] [REI]  - MenuInfoRegistryImpl
[01:40:00] [main/DEBUG] [REI]  - SlotAccessorRegistryImpl
[01:40:00] [main/DEBUG] [REI] Plugins (3):
[01:40:00] [main/DEBUG] [REI]  - (-100.00) DefaultPluginImpl of DefaultPluginImpl [roughlyenoughitems]
[01:40:00] [main/DEBUG] [REI]  - (0.00) AetherREIServerPlugin of AetherREIServerPlugin [aether]
[01:40:00] [main/DEBUG] [REI]  - (0.00) DefaultRuntimePlugin of DefaultRuntimePlugin [roughlyenoughitems]
[01:40:00] [main/DEBUG] [REI] ========================================
[01:40:00] [main/TRACE] [REI] [REIServerPlugin END] Reloading Section: "post-register/"
[01:40:00] [main/TRACE] [REI] [REIServerPlugin END] Reloading Section: "post-register/DefaultPluginImpl of DefaultPluginImpl [roughlyenoughitems]/"
[01:40:00] [main/TRACE] [REI] [REIServerPlugin END] Reloading Section: "post-register/DefaultPluginImpl of DefaultPluginImpl [roughlyenoughitems]/" done in 8.175 μs
[01:40:00] [main/TRACE] [REI] [REIServerPlugin END] Reloading Section: "post-register/AetherREIServerPlugin of AetherREIServerPlugin [aether]/"
[01:40:00] [main/TRACE] [REI] [REIServerPlugin END] Reloading Section: "post-register/AetherREIServerPlugin of AetherREIServerPlugin [aether]/" done in 6.823 μs
[01:40:00] [main/TRACE] [REI] [REIServerPlugin END] Reloading Section: "post-register/DefaultRuntimePlugin of DefaultRuntimePlugin [roughlyenoughitems]/"
[01:40:00] [main/TRACE] [REI] [REIServerPlugin END] Reloading Section: "post-register/DefaultRuntimePlugin of DefaultRuntimePlugin [roughlyenoughitems]/" done in 6.002 μs
[01:40:00] [main/TRACE] [REI] [REIServerPlugin END] Reloading Section: "post-register/" done in 290.2 μs
[01:40:00] [main/TRACE] [REI] [REIServerPlugin END] Reloading Section: "post-stage/"
[01:40:00] [main/TRACE] [REI] [REIServerPlugin END] Reloading Section: "post-stage/MenuInfoRegistryImpl/"
[01:40:00] [main/TRACE] [REI] [REIServerPlugin END] Reloading Section: "post-stage/MenuInfoRegistryImpl/" done in 5.180 μs
[01:40:00] [main/TRACE] [REI] [REIServerPlugin END] Reloading Section: "post-stage/SlotAccessorRegistryImpl/"
[01:40:00] [main/TRACE] [REI] [REIServerPlugin END] Reloading Section: "post-stage/SlotAccessorRegistryImpl/" done in 4.839 μs
[01:40:00] [main/TRACE] [REI] [REIServerPlugin END] Reloading Section: "post-stage/" done in 219.6 μs
[01:40:00] [main/DEBUG] [REI] ========================================
[01:40:00] [main/INFO] [REI] REIServerPlugin finished post-reload for END in 683.6 μs, totaling 6.402 ms.
[01:40:00] [main/DEBUG] [REI] ========================================
